#
# A fatal error has been detected by the Java Runtime Environment:
#
#  EXCEPTION_ACCESS_VIOLATION (0xc0000005) at pc=0x00007ffbb3133004, pid=47488, tid=27204
#
# JRE version: OpenJDK Runtime Environment (24.0+36) (build 24+36-3646)
# Java VM: OpenJDK 64-Bit Server VM (24+36-3646, mixed mode, sharing, tiered, compressed oops, compressed class ptrs, g1 gc, windows-amd64)
# Problematic frame:
# C  [libasyncProfiler.dll+0x93004]
#
# No core dump will be written. Minidumps are not enabled by default on client versions of Windows
#
# If you would like to submit a bug report, please visit:
#   https://bugreport.java.com/bugreport/crash.jsp
# The crash happened outside the Java Virtual Machine in native code.
# See problematic frame for where to report the bug.
#

---------------  S U M M A R Y ------------

Command Line: -agentlib:jdwp=transport=dt_socket,address=127.0.0.1:60168,suspend=y,server=n -agentpath:C:\Users\mraysmit\AppData\Local\Temp\idea_libasyncProfiler_dll_temp_folder9\libasyncProfiler.dll=version,jfr,event=wall,interval=10ms,cstack=no,file=C:\Users\mraysmit\IdeaSnapshots\P2PTestHarness_2025_03_29_222718.jfr,dbghelppath=C:\Users\mraysmit\AppData\Local\Temp\idea_dbghelp_dll_temp_folder1\dbghelp.dll,log=C:\Users\mraysmit\AppData\Local\Temp\P2PTestHarness_2025_03_29_222718.jfr.log.txt,logLevel=DEBUG -javaagent:C:\Users\mraysmit\AppData\Local\JetBrains\IntelliJIdea2024.3\captureAgent\debugger-agent.jar -Dkotlinx.coroutines.debug.enable.creation.stack.trace=false -Ddebugger.agent.enable.coroutines=true -Dkotlinx.coroutines.debug.enable.flows.stack.trace=true -Dkotlinx.coroutines.debug.enable.mutable.state.flows.stack.trace=true -Dfile.encoding=UTF-8 -Dsun.stdout.encoding=UTF-8 -Dsun.stderr.encoding=UTF-8 dev.mars.p2pjava.P2PTestHarness

Host: Intel(R) Core(TM) Ultra 9 185H, 22 cores, 95G,  Windows 10 , 64 bit Build 19041 (10.0.19041.5438)
Time: Sat Mar 29 22:28:09 2025 China Standard Time elapsed time: 51.213932 seconds (0d 0h 0m 51s)

---------------  T H R E A D  ---------------

Current thread (0x000001d54129a230):  JavaThread "Attach Listener" daemon [_thread_in_native, id=27204, stack(0x0000000499100000,0x0000000499200000) (1024K)]

Stack: [0x0000000499100000,0x0000000499200000],  sp=0x00000004991fed90,  free space=1019k
Native frames: (J=compiled Java code, j=interpreted, Vv=VM code, C=native code)
C  [libasyncProfiler.dll+0x93004]  (no source info available)
C  [libasyncProfiler.dll+0x934db]  (no source info available)
C  [libasyncProfiler.dll+0x92134]  (no source info available)
C  [libasyncProfiler.dll+0x929aa]  (no source info available)
C  [libasyncProfiler.dll+0x8d561]  (no source info available)
C  [libasyncProfiler.dll+0x7ef21]  (no source info available)
C  [libasyncProfiler.dll+0x7dc38]  (no source info available)
C  [libasyncProfiler.dll+0x7db20]  (no source info available)
C  [libasyncProfiler.dll+0x84af9]  (no source info available)
V  [jvm.dll+0x57f1b7]  (no source info available)
V  [jvm.dll+0x57ff2c]  (no source info available)
V  [jvm.dll+0x14c9b7]  (no source info available)
V  [jvm.dll+0x14df81]  (no source info available)
V  [jvm.dll+0x42f566]  (no source info available)
V  [jvm.dll+0x87d8fb]  (no source info available)
V  [jvm.dll+0x72efe5]  (no source info available)
C  [ucrtbase.dll+0x21bb2]  (no source info available)
C  [KERNEL32.DLL+0x17374]  (no source info available)
C  [ntdll.dll+0x4cc91]  (no source info available)


siginfo: EXCEPTION_ACCESS_VIOLATION (0xc0000005), reading address 0xffffffffffffffff


Registers:
RAX=0x0000000000000010, RBX=0x0000000000000000, RCX=0xffffffffffffffff, RDX=0x007ffb47ad2ff010
RSP=0x00000004991fed90, RBP=0x000001d54129ff08, RSI=0x00000004991fef00, RDI=0x000001d54129ff08
R8 =0x0000000000000042, R9 =0x0000001060001ee8, R10=0x00007ffb47d49fc0, R11=0x000000000000001c
R12=0x00000004991fef00, R13=0x000001d507065240, R14=0x000001d54129a5f8, R15=0x000001d54129a5f8
RIP=0x00007ffbb3133004, EFLAGS=0x0000000000010202

XMM[0]=0x0000000000000000 0x0000000000000000
XMM[1]=0x0000000000000000 0x0000000000000000
XMM[2]=0x0000000000000000 0x0000000000000000
XMM[3]=0x0000000000000000 0x0000000000000000
XMM[4]=0x0000000000000000 0x0000000000000000
XMM[5]=0x0000000000000000 0x0000000000000000
XMM[6]=0x0000000000000000 0x0000000000000000
XMM[7]=0x0000000000000000 0x0000000000000000
XMM[8]=0x0000000000000000 0x0000000000000000
XMM[9]=0x0000000000000000 0x0000000000000000
XMM[10]=0x0000000000000000 0x0000000000000000
XMM[11]=0x0000000000000000 0x0000000000000000
XMM[12]=0x0000000000000000 0x0000000000000000
XMM[13]=0x0000000000000000 0x0000000000000000
XMM[14]=0x0000000000000000 0x0000000000000000
XMM[15]=0x0000000000000000 0x0000000000000000
  MXCSR=0x00001fa0


Register to memory mapping:

RAX=0x0000000000000010 is an unknown value
RBX=0x0 is null
RCX=0xffffffffffffffff is an unknown value
RDX=0x007ffb47ad2ff010 is an unknown value
RSP=0x00000004991fed90 is pointing into the stack for thread: 0x000001d54129a230
RBP=0x000001d54129ff08 points into unknown readable memory: 0x0000001060001ee8 | e8 1e 00 60 10 00 00 00
RSI=0x00000004991fef00 is pointing into the stack for thread: 0x000001d54129a230
RDI=0x000001d54129ff08 points into unknown readable memory: 0x0000001060001ee8 | e8 1e 00 60 10 00 00 00
R8 =0x0000000000000042 is an unknown value
R9 =0x0000001060001ee8 is an oop: java.lang.Thread 
{0x0000001060001ee8} - klass: 'java/lang/Thread' - flags: 

 - ---- fields (total size 14 words):
 - 'threadLocalRandomProbe' 'I' @12  0 (0x00000000)
 - private volatile 'eetop' 'J' @16  2014458339200 (0x000001d50712df80)
 - private final 'tid' 'J' @24  3 (0x0000000000000003)
 - 'threadLocalRandomSeed' 'J' @32  0 (0x0000000000000000)
 - injected 'jvmti_thread_state' 'J' @40  2014418892896 (0x000001d504b8f860)
 - 'threadLocalRandomSecondarySeed' 'I' @48  0 (0x00000000)
 - injected 'jvmti_VTMS_transition_disable_count' 'I' @52  0 (0x00000000)
 - injected 'jfr_epoch' 'S' @56  0 (0x0000)
 - volatile 'interrupted' 'Z' @58  false (0x00)
 - injected 'jvmti_is_in_VTMS_transition' 'Z' @59  false (0x00)
 - private volatile 'name' 'Ljava/lang/String;' @60  "main"{0x0000001060001f58} (0x0c0003eb)
 - private volatile 'contextClassLoader' 'Ljava/lang/ClassLoader;' @64  a 'jdk/internal/loader/ClassLoaders$AppClassLoader'{0x0000001060018c70} (0x0c00318e)
 - private final 'holder' 'Ljava/lang/Thread$FieldHolder;' @68  a 'java/lang/Thread$FieldHolder'{0x0000001060001f98} (0x0c0003f3)
 - 'threadLocals' 'Ljava/lang/ThreadLocal$ThreadLocalMap;' @72  a 'java/lang/ThreadLocal$ThreadLocalMap'{0x00000010607bad88} (0x0c0f75b1)
 - 'inheritableThreadLocals' 'Ljava/lang/ThreadLocal$ThreadLocalMap;' @76  null (0x00000000)
 - private 'scopedValueBindings' 'Ljava/lang/Object;' @80  a 'java/lang/Class'{0x00000015f607c280} = 'java/lang/Thread' (0xbec0f850)
 - final 'interruptLock' 'Ljava/lang/Object;' @84  a 'java/lang/Object'{0x0000001060001f88} (0x0c0003f1)
 - private volatile 'parkBlocker' 'Ljava/lang/Object;' @88  null (0x00000000)
 - private 'nioBlocker' 'Lsun/nio/ch/Interruptible;' @92  null (0x00000000)
 - private 'cont' 'Ljdk/internal/vm/Continuation;' @96  null (0x00000000)
 - private volatile 'uncaughtExceptionHandler' 'Ljava/lang/Thread$UncaughtExceptionHandler;' @100  null (0x00000000)
 - private 'container' 'Ljdk/internal/vm/ThreadContainer;' @104  null (0x00000000)
 - private volatile 'headStackableScopes' 'Ljdk/internal/vm/StackableScope;' @108  null (0x00000000)
R10=0x00007ffb47d49fc0 jvm.dll
R11=0x000000000000001c is an unknown value
R12=0x00000004991fef00 is pointing into the stack for thread: 0x000001d54129a230
R13=0x000001d507065240 points into unknown readable memory: 0x00007ffb47cba510 | 10 a5 cb 47 fb 7f 00 00
R14=0x000001d54129a5f8 points into unknown readable memory: 0x00007ffb47cb17b0 | b0 17 cb 47 fb 7f 00 00
R15=0x000001d54129a5f8 points into unknown readable memory: 0x00007ffb47cb17b0 | b0 17 cb 47 fb 7f 00 00

Top of Stack: (sp=0x00000004991fed90)
0x00000004991fed90:   00000004991fef00 000001d54129ff08   ..........)A....
0x00000004991feda0:   0000000000000000 000001d5412a09d0   ..........*A....
0x00000004991fedb0:   0000000000000027 00007ffbb31334db   '........4......
0x00000004991fedc0:   0000000000000000 000001d54129a5f8   ..........)A....
0x00000004991fedd0:   00000004991fef01 0000000000000000   ................
0x00000004991fede0:   000001d5874d2f00 00007ffbb3132134   ./M.....4!......
0x00000004991fedf0:   0000000000000000 0000000000000027   ........'.......
0x00000004991fee00:   0000000000000000 0000000000000027   ........'.......
0x00000004991fee10:   0000001600000000 000001d54142fd00   ..........BA....
0x00000004991fee20:   000001d5874d2f00 000001d5874d2f9c   ./M....../M.....
0x00000004991fee30:   000001d5874d2fa8 000001d5000082f8   ./M.............
0x00000004991fee40:   0000000000000000 0000000000000000   ................
0x00000004991fee50:   0000000000000000 00007ffb475158e4   .........XQG....
0x00000004991fee60:   00007ffbb328ae00 000000000000b980   ..(.............
0x00000004991fee70:   00007ffbb328ae00 00000000ffffffff   ..(.............
0x00000004991fee80:   0000000000000000 00007ffbb31329aa   .........)......
0x00000004991fee90:   000001d54129a5f8 0000000000000000   ..)A............
0x00000004991feea0:   00000004991fef09 000001d507065240   ........@R......
0x00000004991feeb0:   000001d500004256 0000000000000000   VB..............
0x00000004991feec0:   0000000000000000 000001d54142f830   ........0.BA....
0x00000004991feed0:   000001d54129a5f8 00007ffbb328ae00   ..)A......(.....
0x00000004991feee0:   0000000000100000 0000000000001000   ................
0x00000004991feef0:   00000004991ff098 000001d54129a5f8   ..........)A....
0x00000004991fef00:   000001d541374080 000001d541374560   .@7A....`E7A....
0x00000004991fef10:   000001d541374560 00007ffbb328ae00   `E7A......(.....
0x00000004991fef20:   00000004991ff098 000001d504b70000   ................
0x00000004991fef30:   00000004991ff1d0 0000000000008840   ........@.......
0x00000004991fef40:   00000004991ff3b0 00007ffbb328ae50   ........P.(.....
0x00000004991fef50:   0000000000989680 0000000000989680   ................
0x00000004991fef60:   00000004991ff070 00007ffbb312d561   p.......a.......
0x00000004991fef70:   00007ffbb328ae00 00007ffbb328ae58   ..(.....X.(.....
0x00000004991fef80:   00007ffb00000000 000001d500000001   ................

Instructions: (pc=0x00007ffbb3133004)
  0x00007ffbb3132f04:   cc cc cc cc cc cc cc cc cc cc cc cc cc cc cc cc
  0x00007ffbb3132f14:   cc cc cc cc cc cc cc cc cc cc cc cc cc cc cc cc
  0x00007ffbb3132f24:   cc cc cc cc cc cc cc cc cc cc cc cc cc cc cc cc
  0x00007ffbb3132f34:   cc cc cc cc cc cc cc cc cc cc cc cc cc cc cc cc
  0x00007ffbb3132f44:   cc cc cc cc cc cc cc cc cc cc cc cc cc cc cc cc
  0x00007ffbb3132f54:   cc cc cc cc cc cc cc cc cc cc cc cc cc cc cc cc
  0x00007ffbb3132f64:   cc cc cc cc cc cc cc cc cc cc cc cc cc cc cc cc
  0x00007ffbb3132f74:   cc cc cc cc cc cc cc cc cc cc cc cc cc cc cc cc
  0x00007ffbb3132f84:   cc cc cc cc cc cc cc cc cc cc cc cc 40 57 48 83
  0x00007ffbb3132f94:   ec 20 48 8b f9 48 8b 0d 30 80 15 00 48 85 c9 74
  0x00007ffbb3132fa4:   20 48 8b 01 48 8d 54 24 38 41 b8 06 00 01 00 4c
  0x00007ffbb3132fb4:   8b 48 30 41 ff d1 85 c0 75 07 48 8b 4c 24 38 eb
  0x00007ffbb3132fc4:   02 33 c9 4c 8b 05 0a 81 15 00 48 89 5c 24 30 4d
  0x00007ffbb3132fd4:   85 c0 74 4a 48 8b 01 48 8b d7 4c 8b 88 28 03 00
  0x00007ffbb3132fe4:   00 41 ff d1 48 85 c0 74 35 48 63 0d b8 3d 15 00
  0x00007ffbb3132ff4:   48 8b 14 01 48 85 d2 74 15 48 63 05 bc 3d 15 00
=>0x00007ffbb3133004:   8b 04 10 48 8b 5c 24 30 48 83 c4 20 5f c3 b8 ff
  0x00007ffbb3133014:   ff ff ff 48 8b 5c 24 30 48 83 c4 20 5f c3 80 3d
  0x00007ffbb3133024:   bb 7f 15 00 00 bb ff ff ff ff 74 20 4c 8b 0d 51
  0x00007ffbb3133034:   7c 15 00 4c 8d 44 24 38 48 8b 0d 35 7c 15 00 48
  0x00007ffbb3133044:   8b d7 41 ff d1 85 c0 0f 44 5c 24 38 8b c3 48 8b
  0x00007ffbb3133054:   5c 24 30 48 83 c4 20 5f c3 cc cc cc cc cc cc cc
  0x00007ffbb3133064:   cc cc cc cc cc cc cc cc cc cc cc cc cc cc cc cc
  0x00007ffbb3133074:   cc cc cc cc cc cc cc cc cc cc cc cc cc cc cc cc
  0x00007ffbb3133084:   cc cc cc cc cc cc cc cc cc cc cc cc 48 89 54 24
  0x00007ffbb3133094:   10 53 55 56 57 41 56 41 57 48 83 ec 28 48 8b f2
  0x00007ffbb31330a4:   4c 8b f1 48 89 4c 24 78 45 33 ff 44 89 7c 24 68
  0x00007ffbb31330b4:   c7 44 24 60 01 00 00 00 48 8d 4c 24 68 e8 69 3c
  0x00007ffbb31330c4:   f7 ff 8b d8 48 8d 4c 24 60 e8 5d 3c f7 ff 8b e8
  0x00007ffbb31330d4:   49 8b ce e8 33 f3 f6 ff 48 8b f8 90 8b c3 f0 0f
  0x00007ffbb31330e4:   b1 2f 74 04 f3 90 eb f4 4c 89 3e 4c 89 7e 08 4c
  0x00007ffbb31330f4:   89 7e 10 49 8b 6e 08 4d 8b 76 10 49 3b ee 0f 84


Stack slot to memory mapping:

stack at sp + 0 slots: 0x00000004991fef00 is pointing into the stack for thread: 0x000001d54129a230
stack at sp + 1 slots: 0x000001d54129ff08 points into unknown readable memory: 0x0000001060001ee8 | e8 1e 00 60 10 00 00 00
stack at sp + 2 slots: 0x0 is null
stack at sp + 3 slots: 0x000001d5412a09d0 points into unknown readable memory: 0x6e616c2e6176616a | 6a 61 76 61 2e 6c 61 6e
stack at sp + 4 slots: 0x0000000000000027 is an unknown value
stack at sp + 5 slots: 0x00007ffbb31334db libasyncProfiler.dll
stack at sp + 6 slots: 0x0 is null
stack at sp + 7 slots: 0x000001d54129a5f8 points into unknown readable memory: 0x00007ffb47cb17b0 | b0 17 cb 47 fb 7f 00 00

Lock stack of current Java thread (top to bottom):


---------------  P R O C E S S  ---------------

Threads class SMR info:
_java_thread_list=0x000001d5875e0340, length=26, elements={
0x000001d50712df80, 0x000001d541296640, 0x000001d5412971a0, 0x000001d541299ae0,
0x000001d54129a230, 0x000001d54129b820, 0x000001d54129a980, 0x000001d5412a47a0,
0x000001d5412a5910, 0x000001d541299390, 0x000001d541587810, 0x000001d5415aa6f0,
0x000001d5412984f0, 0x000001d541298c40, 0x000001d5418a98b0, 0x000001d5418aa000,
0x000001d5418a6cd0, 0x000001d5418a6580, 0x000001d5418acbe0, 0x000001d5418a8a10,
0x000001d5418a7420, 0x000001d5418aa750, 0x000001d5418a5e30, 0x000001d5418aaea0,
0x000001d5418ad330, 0x000001d5418ab5f0
}

Java Threads: ( => current thread )
  0x000001d50712df80 JavaThread "main"                              [_thread_blocked, id=33296, stack(0x0000000498600000,0x0000000498700000) (1024K)]
  0x000001d541296640 JavaThread "Reference Handler"          daemon [_thread_blocked, id=18332, stack(0x0000000498e00000,0x0000000498f00000) (1024K)]
  0x000001d5412971a0 JavaThread "Finalizer"                  daemon [_thread_blocked, id=29232, stack(0x0000000498f00000,0x0000000499000000) (1024K)]
  0x000001d541299ae0 JavaThread "Signal Dispatcher"          daemon [_thread_blocked, id=49092, stack(0x0000000499000000,0x0000000499100000) (1024K)]
=>0x000001d54129a230 JavaThread "Attach Listener"            daemon [_thread_in_native, id=27204, stack(0x0000000499100000,0x0000000499200000) (1024K)]
  0x000001d54129b820 JavaThread "Service Thread"             daemon [_thread_blocked, id=7844, stack(0x0000000499200000,0x0000000499300000) (1024K)]
  0x000001d54129a980 JavaThread "Monitor Deflation Thread"   daemon [_thread_blocked, id=18944, stack(0x0000000499300000,0x0000000499400000) (1024K)]
  0x000001d5412a47a0 JavaThread "C2 CompilerThread0"         daemon [_thread_blocked, id=31288, stack(0x0000000499400000,0x0000000499500000) (1024K)]
  0x000001d5412a5910 JavaThread "C1 CompilerThread0"         daemon [_thread_blocked, id=18892, stack(0x0000000499500000,0x0000000499600000) (1024K)]
  0x000001d541299390 JavaThread "Common-Cleaner"             daemon [_thread_blocked, id=18868, stack(0x0000000499600000,0x0000000499700000) (1024K)]
  0x000001d541587810 JavaThread "JDWP Transport Listener: dt_socket" daemon [_thread_blocked, id=43376, stack(0x0000000499b00000,0x0000000499c00000) (1024K)]
  0x000001d5415aa6f0 JavaThread "JDWP Event Helper Thread"   daemon [_thread_blocked, id=41908, stack(0x0000000499c00000,0x0000000499d00000) (1024K)]
  0x000001d5412984f0 JavaThread "JDWP Command Reader"        daemon [_thread_in_native, id=44116, stack(0x0000000499d00000,0x0000000499e00000) (1024K)]
  0x000001d541298c40 JavaThread "Notification Thread"        daemon [_thread_blocked, id=5512, stack(0x0000000499a00000,0x0000000499b00000) (1024K)]
  0x000001d5418a98b0 JavaThread "pool-1-thread-1"                   [_thread_in_native, id=32448, stack(0x0000000499e00000,0x0000000499f00000) (1024K)]
  0x000001d5418aa000 JavaThread "pool-1-thread-2"                   [_thread_in_native, id=31916, stack(0x0000000499f00000,0x000000049a000000) (1024K)]
  0x000001d5418a6cd0 JavaThread "pool-1-thread-3"                   [_thread_blocked, id=32988, stack(0x000000049a000000,0x000000049a100000) (1024K)]
  0x000001d5418a6580 JavaThread "pool-1-thread-4"                   [_thread_blocked, id=17796, stack(0x000000049a100000,0x000000049a200000) (1024K)]
  0x000001d5418acbe0 JavaThread "Thread-0"                          [_thread_in_native, id=31328, stack(0x000000049a200000,0x000000049a300000) (1024K)]
  0x000001d5418a8a10 JavaThread "Thread-1"                          [_thread_in_native, id=32132, stack(0x000000049a300000,0x000000049a400000) (1024K)]
  0x000001d5418a7420 JavaThread "Thread-7"                          [_thread_blocked, id=6108, stack(0x000000049a400000,0x000000049a500000) (1024K)]
  0x000001d5418aa750 JavaThread "Thread-8"                          [_thread_blocked, id=42140, stack(0x000000049a500000,0x000000049a600000) (1024K)]
  0x000001d5418a5e30 JavaThread "Thread-9"                          [_thread_blocked, id=43232, stack(0x000000049a600000,0x000000049a700000) (1024K)]
  0x000001d5418aaea0 JavaThread "Thread-10"                         [_thread_blocked, id=42332, stack(0x000000049a700000,0x000000049a800000) (1024K)]
  0x000001d5418ad330 JavaThread "Thread-11"                         [_thread_blocked, id=49520, stack(0x000000049a800000,0x000000049a900000) (1024K)]
  0x000001d5418ab5f0 JavaThread "Thread-12"                         [_thread_blocked, id=39628, stack(0x000000049a900000,0x000000049aa00000) (1024K)]
Total: 26

Other Threads:
  0x000001d541281d40 VMThread "VM Thread"                           [id=31220, stack(0x0000000498d00000,0x0000000498e00000) (1024K)]
  0x000001d541146ab0 WatcherThread "VM Periodic Task Thread"        [id=49840, stack(0x0000000498c00000,0x0000000498d00000) (1024K)]
  0x000001d506d22e50 WorkerThread "GC Thread#0"                     [id=18924, stack(0x0000000498700000,0x0000000498800000) (1024K)]
  0x000001d506d330b0 ConcurrentGCThread "G1 Main Marker"            [id=41704, stack(0x0000000498800000,0x0000000498900000) (1024K)]
  0x000001d506d34360 WorkerThread "G1 Conc#0"                       [id=45548, stack(0x0000000498900000,0x0000000498a00000) (1024K)]
  0x000001d54113d590 ConcurrentGCThread "G1 Refine#0"               [id=18380, stack(0x0000000498a00000,0x0000000498b00000) (1024K)]
  0x000001d54113ddc0 ConcurrentGCThread "G1 Service"                [id=43552, stack(0x0000000498b00000,0x0000000498c00000) (1024K)]
Total: 7

Threads with active compile tasks:
Total: 0

VM state: not at safepoint (normal execution)

VM Mutex/Monitor currently owned by a thread: None

Heap address: 0x0000001001000000, size: 24416 MB, Compressed Oops mode: Non-zero disjoint base: 0x0000001000000000, Oop shift amount: 3

CDS archive(s) mapped at: [0x000001d542000000-0x000001d542d40000-0x000001d542d40000), size 13893632, SharedBaseAddress: 0x000001d542000000, ArchiveRelocationMode: 1.
Compressed class space mapped at: 0x000001d543000000-0x000001d583000000, reserved size: 1073741824
UseCompressedClassPointers 1, UseCompactObjectHeaders 0
Narrow klass pointer bits 32, Max shift 3
Narrow klass base: 0x000001d542000000, Narrow klass shift: 0
Encoding Range: [0x000001d542000000 - 0x000001d642000000), (4294967296 bytes)
Klass Range:    [0x000001d542000000 - 0x000001d583000000), (1090519040 bytes)
Klass ID Range:  [8 - 1090519033) (1090519025)

GC Precious Log:
 CardTable entry size: 512
 Card Set container configuration: InlinePtr #cards 3 size 8 Array Of Cards #cards 128 size 272 Howl #buckets 8 coarsen threshold 29491 Howl Bitmap #cards 4096 size 528 coarsen threshold 3686 Card regions per heap region 1 cards per card region 32768
 CPUs: 22 total, 22 available
 Memory: 97604M
 Large Page Support: Disabled
 NUMA Support: Disabled
 Compressed Oops: Enabled (Non-zero disjoint base)
 Heap Region Size: 16M
 Heap Min Capacity: 16M
 Heap Initial Capacity: 1536M
 Heap Max Capacity: 24416M
 Pre-touch: Disabled
 Parallel Workers: 16
 Concurrent Workers: 4
 Concurrent Refinement Workers: 16
 Periodic GC: Disabled

Heap:
 garbage-first heap   total reserved 25001984K, committed 1589248K, used 17520K [0x0000001001000000, 0x00000015f7000000)
  region size 16384K, 2 young (32768K), 0 survivors (0K)
 Metaspace       used 4288K, committed 4480K, reserved 1114112K
  class space    used 317K, committed 384K, reserved 1048576K

Heap Regions: E=young(eden), S=young(survivor), O=old, HS=humongous(starts), HC=humongous(continues), CS=collection set, F=free, TAMS=top-at-mark-start, PB=parsable bottom
|   0|0x0000001001000000, 0x0000001001000000, 0x0000001002000000|  0%| F|  |TAMS 0x0000001001000000| PB 0x0000001001000000| Untracked |  0
|   1|0x0000001002000000, 0x0000001002000000, 0x0000001003000000|  0%| F|  |TAMS 0x0000001002000000| PB 0x0000001002000000| Untracked |  0
|   2|0x0000001003000000, 0x0000001003000000, 0x0000001004000000|  0%| F|  |TAMS 0x0000001003000000| PB 0x0000001003000000| Untracked |  0
|   3|0x0000001004000000, 0x0000001004000000, 0x0000001005000000|  0%| F|  |TAMS 0x0000001004000000| PB 0x0000001004000000| Untracked |  0
|   4|0x0000001005000000, 0x0000001005000000, 0x0000001006000000|  0%| F|  |TAMS 0x0000001005000000| PB 0x0000001005000000| Untracked |  0
|   5|0x0000001006000000, 0x0000001006000000, 0x0000001007000000|  0%| F|  |TAMS 0x0000001006000000| PB 0x0000001006000000| Untracked |  0
|   6|0x0000001007000000, 0x0000001007000000, 0x0000001008000000|  0%| F|  |TAMS 0x0000001007000000| PB 0x0000001007000000| Untracked |  0
|   7|0x0000001008000000, 0x0000001008000000, 0x0000001009000000|  0%| F|  |TAMS 0x0000001008000000| PB 0x0000001008000000| Untracked |  0
|   8|0x0000001009000000, 0x0000001009000000, 0x000000100a000000|  0%| F|  |TAMS 0x0000001009000000| PB 0x0000001009000000| Untracked |  0
|   9|0x000000100a000000, 0x000000100a000000, 0x000000100b000000|  0%| F|  |TAMS 0x000000100a000000| PB 0x000000100a000000| Untracked |  0
|  10|0x000000100b000000, 0x000000100b000000, 0x000000100c000000|  0%| F|  |TAMS 0x000000100b000000| PB 0x000000100b000000| Untracked |  0
|  11|0x000000100c000000, 0x000000100c000000, 0x000000100d000000|  0%| F|  |TAMS 0x000000100c000000| PB 0x000000100c000000| Untracked |  0
|  12|0x000000100d000000, 0x000000100d000000, 0x000000100e000000|  0%| F|  |TAMS 0x000000100d000000| PB 0x000000100d000000| Untracked |  0
|  13|0x000000100e000000, 0x000000100e000000, 0x000000100f000000|  0%| F|  |TAMS 0x000000100e000000| PB 0x000000100e000000| Untracked |  0
|  14|0x000000100f000000, 0x000000100f000000, 0x0000001010000000|  0%| F|  |TAMS 0x000000100f000000| PB 0x000000100f000000| Untracked |  0
|  15|0x0000001010000000, 0x0000001010000000, 0x0000001011000000|  0%| F|  |TAMS 0x0000001010000000| PB 0x0000001010000000| Untracked |  0
|  16|0x0000001011000000, 0x0000001011000000, 0x0000001012000000|  0%| F|  |TAMS 0x0000001011000000| PB 0x0000001011000000| Untracked |  0
|  17|0x0000001012000000, 0x0000001012000000, 0x0000001013000000|  0%| F|  |TAMS 0x0000001012000000| PB 0x0000001012000000| Untracked |  0
|  18|0x0000001013000000, 0x0000001013000000, 0x0000001014000000|  0%| F|  |TAMS 0x0000001013000000| PB 0x0000001013000000| Untracked |  0
|  19|0x0000001014000000, 0x0000001014000000, 0x0000001015000000|  0%| F|  |TAMS 0x0000001014000000| PB 0x0000001014000000| Untracked |  0
|  20|0x0000001015000000, 0x0000001015000000, 0x0000001016000000|  0%| F|  |TAMS 0x0000001015000000| PB 0x0000001015000000| Untracked |  0
|  21|0x0000001016000000, 0x0000001016000000, 0x0000001017000000|  0%| F|  |TAMS 0x0000001016000000| PB 0x0000001016000000| Untracked |  0
|  22|0x0000001017000000, 0x0000001017000000, 0x0000001018000000|  0%| F|  |TAMS 0x0000001017000000| PB 0x0000001017000000| Untracked |  0
|  23|0x0000001018000000, 0x0000001018000000, 0x0000001019000000|  0%| F|  |TAMS 0x0000001018000000| PB 0x0000001018000000| Untracked |  0
|  24|0x0000001019000000, 0x0000001019000000, 0x000000101a000000|  0%| F|  |TAMS 0x0000001019000000| PB 0x0000001019000000| Untracked |  0
|  25|0x000000101a000000, 0x000000101a000000, 0x000000101b000000|  0%| F|  |TAMS 0x000000101a000000| PB 0x000000101a000000| Untracked |  0
|  26|0x000000101b000000, 0x000000101b000000, 0x000000101c000000|  0%| F|  |TAMS 0x000000101b000000| PB 0x000000101b000000| Untracked |  0
|  27|0x000000101c000000, 0x000000101c000000, 0x000000101d000000|  0%| F|  |TAMS 0x000000101c000000| PB 0x000000101c000000| Untracked |  0
|  28|0x000000101d000000, 0x000000101d000000, 0x000000101e000000|  0%| F|  |TAMS 0x000000101d000000| PB 0x000000101d000000| Untracked |  0
|  29|0x000000101e000000, 0x000000101e000000, 0x000000101f000000|  0%| F|  |TAMS 0x000000101e000000| PB 0x000000101e000000| Untracked |  0
|  30|0x000000101f000000, 0x000000101f000000, 0x0000001020000000|  0%| F|  |TAMS 0x000000101f000000| PB 0x000000101f000000| Untracked |  0
|  31|0x0000001020000000, 0x0000001020000000, 0x0000001021000000|  0%| F|  |TAMS 0x0000001020000000| PB 0x0000001020000000| Untracked |  0
|  32|0x0000001021000000, 0x0000001021000000, 0x0000001022000000|  0%| F|  |TAMS 0x0000001021000000| PB 0x0000001021000000| Untracked |  0
|  33|0x0000001022000000, 0x0000001022000000, 0x0000001023000000|  0%| F|  |TAMS 0x0000001022000000| PB 0x0000001022000000| Untracked |  0
|  34|0x0000001023000000, 0x0000001023000000, 0x0000001024000000|  0%| F|  |TAMS 0x0000001023000000| PB 0x0000001023000000| Untracked |  0
|  35|0x0000001024000000, 0x0000001024000000, 0x0000001025000000|  0%| F|  |TAMS 0x0000001024000000| PB 0x0000001024000000| Untracked |  0
|  36|0x0000001025000000, 0x0000001025000000, 0x0000001026000000|  0%| F|  |TAMS 0x0000001025000000| PB 0x0000001025000000| Untracked |  0
|  37|0x0000001026000000, 0x0000001026000000, 0x0000001027000000|  0%| F|  |TAMS 0x0000001026000000| PB 0x0000001026000000| Untracked |  0
|  38|0x0000001027000000, 0x0000001027000000, 0x0000001028000000|  0%| F|  |TAMS 0x0000001027000000| PB 0x0000001027000000| Untracked |  0
|  39|0x0000001028000000, 0x0000001028000000, 0x0000001029000000|  0%| F|  |TAMS 0x0000001028000000| PB 0x0000001028000000| Untracked |  0
|  40|0x0000001029000000, 0x0000001029000000, 0x000000102a000000|  0%| F|  |TAMS 0x0000001029000000| PB 0x0000001029000000| Untracked |  0
|  41|0x000000102a000000, 0x000000102a000000, 0x000000102b000000|  0%| F|  |TAMS 0x000000102a000000| PB 0x000000102a000000| Untracked |  0
|  42|0x000000102b000000, 0x000000102b000000, 0x000000102c000000|  0%| F|  |TAMS 0x000000102b000000| PB 0x000000102b000000| Untracked |  0
|  43|0x000000102c000000, 0x000000102c000000, 0x000000102d000000|  0%| F|  |TAMS 0x000000102c000000| PB 0x000000102c000000| Untracked |  0
|  44|0x000000102d000000, 0x000000102d000000, 0x000000102e000000|  0%| F|  |TAMS 0x000000102d000000| PB 0x000000102d000000| Untracked |  0
|  45|0x000000102e000000, 0x000000102e000000, 0x000000102f000000|  0%| F|  |TAMS 0x000000102e000000| PB 0x000000102e000000| Untracked |  0
|  46|0x000000102f000000, 0x000000102f000000, 0x0000001030000000|  0%| F|  |TAMS 0x000000102f000000| PB 0x000000102f000000| Untracked |  0
|  47|0x0000001030000000, 0x0000001030000000, 0x0000001031000000|  0%| F|  |TAMS 0x0000001030000000| PB 0x0000001030000000| Untracked |  0
|  48|0x0000001031000000, 0x0000001031000000, 0x0000001032000000|  0%| F|  |TAMS 0x0000001031000000| PB 0x0000001031000000| Untracked |  0
|  49|0x0000001032000000, 0x0000001032000000, 0x0000001033000000|  0%| F|  |TAMS 0x0000001032000000| PB 0x0000001032000000| Untracked |  0
|  50|0x0000001033000000, 0x0000001033000000, 0x0000001034000000|  0%| F|  |TAMS 0x0000001033000000| PB 0x0000001033000000| Untracked |  0
|  51|0x0000001034000000, 0x0000001034000000, 0x0000001035000000|  0%| F|  |TAMS 0x0000001034000000| PB 0x0000001034000000| Untracked |  0
|  52|0x0000001035000000, 0x0000001035000000, 0x0000001036000000|  0%| F|  |TAMS 0x0000001035000000| PB 0x0000001035000000| Untracked |  0
|  53|0x0000001036000000, 0x0000001036000000, 0x0000001037000000|  0%| F|  |TAMS 0x0000001036000000| PB 0x0000001036000000| Untracked |  0
|  54|0x0000001037000000, 0x0000001037000000, 0x0000001038000000|  0%| F|  |TAMS 0x0000001037000000| PB 0x0000001037000000| Untracked |  0
|  55|0x0000001038000000, 0x0000001038000000, 0x0000001039000000|  0%| F|  |TAMS 0x0000001038000000| PB 0x0000001038000000| Untracked |  0
|  56|0x0000001039000000, 0x0000001039000000, 0x000000103a000000|  0%| F|  |TAMS 0x0000001039000000| PB 0x0000001039000000| Untracked |  0
|  57|0x000000103a000000, 0x000000103a000000, 0x000000103b000000|  0%| F|  |TAMS 0x000000103a000000| PB 0x000000103a000000| Untracked |  0
|  58|0x000000103b000000, 0x000000103b000000, 0x000000103c000000|  0%| F|  |TAMS 0x000000103b000000| PB 0x000000103b000000| Untracked |  0
|  59|0x000000103c000000, 0x000000103c000000, 0x000000103d000000|  0%| F|  |TAMS 0x000000103c000000| PB 0x000000103c000000| Untracked |  0
|  60|0x000000103d000000, 0x000000103d000000, 0x000000103e000000|  0%| F|  |TAMS 0x000000103d000000| PB 0x000000103d000000| Untracked |  0
|  61|0x000000103e000000, 0x000000103e000000, 0x000000103f000000|  0%| F|  |TAMS 0x000000103e000000| PB 0x000000103e000000| Untracked |  0
|  62|0x000000103f000000, 0x000000103f000000, 0x0000001040000000|  0%| F|  |TAMS 0x000000103f000000| PB 0x000000103f000000| Untracked |  0
|  63|0x0000001040000000, 0x0000001040000000, 0x0000001041000000|  0%| F|  |TAMS 0x0000001040000000| PB 0x0000001040000000| Untracked |  0
|  64|0x0000001041000000, 0x0000001041000000, 0x0000001042000000|  0%| F|  |TAMS 0x0000001041000000| PB 0x0000001041000000| Untracked |  0
|  65|0x0000001042000000, 0x0000001042000000, 0x0000001043000000|  0%| F|  |TAMS 0x0000001042000000| PB 0x0000001042000000| Untracked |  0
|  66|0x0000001043000000, 0x0000001043000000, 0x0000001044000000|  0%| F|  |TAMS 0x0000001043000000| PB 0x0000001043000000| Untracked |  0
|  67|0x0000001044000000, 0x0000001044000000, 0x0000001045000000|  0%| F|  |TAMS 0x0000001044000000| PB 0x0000001044000000| Untracked |  0
|  68|0x0000001045000000, 0x0000001045000000, 0x0000001046000000|  0%| F|  |TAMS 0x0000001045000000| PB 0x0000001045000000| Untracked |  0
|  69|0x0000001046000000, 0x0000001046000000, 0x0000001047000000|  0%| F|  |TAMS 0x0000001046000000| PB 0x0000001046000000| Untracked |  0
|  70|0x0000001047000000, 0x0000001047000000, 0x0000001048000000|  0%| F|  |TAMS 0x0000001047000000| PB 0x0000001047000000| Untracked |  0
|  71|0x0000001048000000, 0x0000001048000000, 0x0000001049000000|  0%| F|  |TAMS 0x0000001048000000| PB 0x0000001048000000| Untracked |  0
|  72|0x0000001049000000, 0x0000001049000000, 0x000000104a000000|  0%| F|  |TAMS 0x0000001049000000| PB 0x0000001049000000| Untracked |  0
|  73|0x000000104a000000, 0x000000104a000000, 0x000000104b000000|  0%| F|  |TAMS 0x000000104a000000| PB 0x000000104a000000| Untracked |  0
|  74|0x000000104b000000, 0x000000104b000000, 0x000000104c000000|  0%| F|  |TAMS 0x000000104b000000| PB 0x000000104b000000| Untracked |  0
|  75|0x000000104c000000, 0x000000104c000000, 0x000000104d000000|  0%| F|  |TAMS 0x000000104c000000| PB 0x000000104c000000| Untracked |  0
|  76|0x000000104d000000, 0x000000104d000000, 0x000000104e000000|  0%| F|  |TAMS 0x000000104d000000| PB 0x000000104d000000| Untracked |  0
|  77|0x000000104e000000, 0x000000104e000000, 0x000000104f000000|  0%| F|  |TAMS 0x000000104e000000| PB 0x000000104e000000| Untracked |  0
|  78|0x000000104f000000, 0x000000104f000000, 0x0000001050000000|  0%| F|  |TAMS 0x000000104f000000| PB 0x000000104f000000| Untracked |  0
|  79|0x0000001050000000, 0x0000001050000000, 0x0000001051000000|  0%| F|  |TAMS 0x0000001050000000| PB 0x0000001050000000| Untracked |  0
|  80|0x0000001051000000, 0x0000001051000000, 0x0000001052000000|  0%| F|  |TAMS 0x0000001051000000| PB 0x0000001051000000| Untracked |  0
|  81|0x0000001052000000, 0x0000001052000000, 0x0000001053000000|  0%| F|  |TAMS 0x0000001052000000| PB 0x0000001052000000| Untracked |  0
|  82|0x0000001053000000, 0x0000001053000000, 0x0000001054000000|  0%| F|  |TAMS 0x0000001053000000| PB 0x0000001053000000| Untracked |  0
|  83|0x0000001054000000, 0x0000001054000000, 0x0000001055000000|  0%| F|  |TAMS 0x0000001054000000| PB 0x0000001054000000| Untracked |  0
|  84|0x0000001055000000, 0x0000001055000000, 0x0000001056000000|  0%| F|  |TAMS 0x0000001055000000| PB 0x0000001055000000| Untracked |  0
|  85|0x0000001056000000, 0x0000001056000000, 0x0000001057000000|  0%| F|  |TAMS 0x0000001056000000| PB 0x0000001056000000| Untracked |  0
|  86|0x0000001057000000, 0x0000001057000000, 0x0000001058000000|  0%| F|  |TAMS 0x0000001057000000| PB 0x0000001057000000| Untracked |  0
|  87|0x0000001058000000, 0x0000001058000000, 0x0000001059000000|  0%| F|  |TAMS 0x0000001058000000| PB 0x0000001058000000| Untracked |  0
|  88|0x0000001059000000, 0x0000001059000000, 0x000000105a000000|  0%| F|  |TAMS 0x0000001059000000| PB 0x0000001059000000| Untracked |  0
|  89|0x000000105a000000, 0x000000105a000000, 0x000000105b000000|  0%| F|  |TAMS 0x000000105a000000| PB 0x000000105a000000| Untracked |  0
|  90|0x000000105b000000, 0x000000105b000000, 0x000000105c000000|  0%| F|  |TAMS 0x000000105b000000| PB 0x000000105b000000| Untracked |  0
|  91|0x000000105c000000, 0x000000105c000000, 0x000000105d000000|  0%| F|  |TAMS 0x000000105c000000| PB 0x000000105c000000| Untracked |  0
|  92|0x000000105d000000, 0x000000105d000000, 0x000000105e000000|  0%| F|  |TAMS 0x000000105d000000| PB 0x000000105d000000| Untracked |  0
|  93|0x000000105e000000, 0x000000105e000000, 0x000000105f000000|  0%| F|  |TAMS 0x000000105e000000| PB 0x000000105e000000| Untracked |  0
|  94|0x000000105f000000, 0x000000105ff5c478, 0x0000001060000000| 96%| E|  |TAMS 0x000000105f000000| PB 0x000000105f000000| Complete |  0
|  95|0x0000001060000000, 0x0000001061000000, 0x0000001061000000|100%| E|CS|TAMS 0x0000001060000000| PB 0x0000001060000000| Complete |  0
|1525|0x00000015f6000000, 0x00000015f611c348, 0x00000015f7000000|  6%| O|  |TAMS 0x00000015f6000000| PB 0x00000015f6000000| Untracked |  0

Card table byte_map: [0x000001d5231e0000,0x000001d526190000] _byte_map_base: 0x000001d51b1d8000

Marking Bits: (CMBitMap*) 0x000001d506d23560
 Bits: [0x000001d526190000, 0x000001d53df10000)

Polling page: 0x000001d504ee0000

Metaspace:

Usage:
  Non-class:      3.88 MB used.
      Class:    317.90 KB used.
       Both:      4.19 MB used.

Virtual space:
  Non-class space:       64.00 MB reserved,       4.00 MB (  6%) committed,  1 nodes.
      Class space:        1.00 GB reserved,     384.00 KB ( <1%) committed,  1 nodes.
             Both:        1.06 GB reserved,       4.38 MB ( <1%) committed. 

Chunk freelists:
   Non-Class:  11.86 MB
       Class:  15.57 MB
        Both:  27.43 MB

MaxMetaspaceSize: unlimited
CompressedClassSpaceSize: 1.00 GB
Initial GC threshold: 21.00 MB
Current GC threshold: 21.00 MB
CDS: on
 - commit_granule_bytes: 65536.
 - commit_granule_words: 8192.
 - virtual_space_node_default_size: 8388608.
 - enlarge_chunks_in_place: 1.
UseCompressedClassPointers 1, UseCompactObjectHeaders 0
Narrow klass pointer bits 32, Max shift 3
Narrow klass base: 0x000001d542000000, Narrow klass shift: 0
Encoding Range: [0x000001d542000000 - 0x000001d642000000), (4294967296 bytes)
Klass Range:    [0x000001d542000000 - 0x000001d583000000), (1090519040 bytes)
Klass ID Range:  [8 - 1090519033) (1090519025)


Internal statistics:

num_allocs_failed_limit: 0.
num_arena_births: 88.
num_arena_deaths: 0.
num_vsnodes_births: 2.
num_vsnodes_deaths: 0.
num_space_committed: 70.
num_space_uncommitted: 0.
num_chunks_returned_to_freelist: 0.
num_chunks_taken_from_freelist: 124.
num_chunk_merges: 0.
num_chunk_splits: 70.
num_chunks_enlarged: 25.
num_inconsistent_stats: 0.

CodeHeap 'non-profiled nmethods': size=119232Kb used=161Kb max_used=161Kb free=119070Kb
 bounds [0x000001d517ca0000, 0x000001d517f10000, 0x000001d51f110000]
CodeHeap 'profiled nmethods': size=119104Kb used=826Kb max_used=826Kb free=118277Kb
 bounds [0x000001d510110000, 0x000001d510380000, 0x000001d517560000]
CodeHeap 'non-nmethods': size=7424Kb used=1356Kb max_used=3060Kb free=6067Kb
 bounds [0x000001d517560000, 0x000001d517860000, 0x000001d517ca0000]
CodeCache: size=245760Kb, used=2343Kb, max_used=4047Kb, free=243414Kb
 total_blobs=1085, nmethods=622, adapters=369, full_count=0
Compilation: enabled, stopped_count=0, restarted_count=0

Compilation events (20 events):
Event: 0.365 Thread 0x000001d5413c5d50  615       3       java.net.URI::match (56 bytes)
Event: 0.365 Thread 0x000001d5413c5d50 nmethod 615 0x000001d5101dcc88 code [0x000001d5101dcdc0, 0x000001d5101dd068]
Event: 0.366 Thread 0x000001d5413c5d50  616       1       java.net.InetAddress::holder (5 bytes)
Event: 0.366 Thread 0x000001d5413c64e0  617       1       java.nio.Buffer::capacity (5 bytes)
Event: 0.366 Thread 0x000001d5413c5d50 nmethod 616 0x000001d517cc7d08 code [0x000001d517cc7e00, 0x000001d517cc7ed0]
Event: 0.366 Thread 0x000001d5413c64e0 nmethod 617 0x000001d517cc8008 code [0x000001d517cc8100, 0x000001d517cc81c8]
Event: 0.366 Thread 0x000001d5413c5d50  618       3       java.nio.ByteBuffer::arrayOffset (35 bytes)
Event: 0.366 Thread 0x000001d5413c5d50 nmethod 618 0x000001d5101dd088 code [0x000001d5101dd1e0, 0x000001d5101dd470]
Event: 0.367 Thread 0x000001d5412a5910  619       3       java.nio.ByteBuffer::position (8 bytes)
Event: 0.367 Thread 0x000001d5413c55c0  620       1       java.util.concurrent.locks.AbstractOwnableSynchronizer::setExclusiveOwnerThread (6 bytes)
Event: 0.367 Thread 0x000001d5412a5910 nmethod 619 0x000001d5101dd488 code [0x000001d5101dd5a0, 0x000001d5101dd6f8]
Event: 0.367 Thread 0x000001d5413c55c0 nmethod 620 0x000001d517cc8308 code [0x000001d517cc8420, 0x000001d517cc8548]
Event: 51.131 Thread 0x000001d5412a5910  621       3       java.lang.ref.Reference::refersToImpl (6 bytes)
Event: 51.131 Thread 0x000001d5412a5910 nmethod 621 0x000001d5101dd788 code [0x000001d5101dd8a0, 0x000001d5101dd9f0]
Event: 51.131 Thread 0x000001d5412a5910  622       3       java.lang.ref.Reference::refersTo (6 bytes)
Event: 51.131 Thread 0x000001d5412a5910 nmethod 622 0x000001d5101dda88 code [0x000001d5101ddba0, 0x000001d5101ddd80]
Event: 51.131 Thread 0x000001d5412a5910  623       3       java.lang.Thread::isVirtual (5 bytes)
Event: 51.131 Thread 0x000001d5412a5910 nmethod 623 0x000001d5101dde08 code [0x000001d5101ddf20, 0x000001d5101de100]
Event: 51.131 Thread 0x000001d5412a5910  624       3       java.nio.CharBuffer::arrayOffset (35 bytes)
Event: 51.131 Thread 0x000001d5412a5910 nmethod 624 0x000001d5101de188 code [0x000001d5101de2e0, 0x000001d5101de570]

GC Heap History (0 events):
No events

Dll operation events (9 events):
Event: 0.009 Loaded shared library C:\Users\mraysmit\.jdks\openjdk-24\bin\java.dll
Event: 0.009 Loaded shared library C:\Users\mraysmit\.jdks\openjdk-24\bin\zip.dll
Event: 0.035 Loaded shared library C:\Users\mraysmit\.jdks\openjdk-24\bin\jsvml.dll
Event: 0.261 Loaded shared library C:\Users\mraysmit\.jdks\openjdk-24\bin\instrument.dll
Event: 0.293 Loaded shared library C:\Users\mraysmit\.jdks\openjdk-24\bin\net.dll
Event: 0.294 Loaded shared library C:\Users\mraysmit\.jdks\openjdk-24\bin\nio.dll
Event: 0.313 Loaded shared library C:\Users\mraysmit\.jdks\openjdk-24\bin\jimage.dll
Event: 0.338 Loaded shared library C:\Users\mraysmit\.jdks\openjdk-24\bin\extnet.dll
Event: 51.145 Loaded shared library C:\Users\mraysmit\AppData\Local\Temp\idea_libasyncProfiler_dll_temp_folder9\libasyncProfiler.dll

Deoptimization events (4 events):
Event: 0.271 Thread 0x000001d50712df80 Uncommon trap: trap_request=0xffffff4d fr.pc=0x000001d517caa9d8 relative=0x00000000000000b8
Event: 0.271 Thread 0x000001d50712df80 Uncommon trap: reason=unstable_if action=reinterpret pc=0x000001d517caa9d8 method=java.lang.String.hashCode()I @ 42 c2
Event: 0.271 Thread 0x000001d50712df80 DEOPT PACKING pc=0x000001d517caa9d8 sp=0x00000004986fcd70
Event: 0.271 Thread 0x000001d50712df80 DEOPT UNPACKING pc=0x000001d517688882 sp=0x00000004986fcd08 mode 2

Classes loaded (20 events):
Event: 0.364 Loading class java/util/IdentityHashMap$KeyIterator
Event: 0.364 Loading class java/util/IdentityHashMap$KeyIterator done
Event: 0.365 Loading class dev/mars/p2pjava/TrackerHandler
Event: 0.365 Loading class dev/mars/p2pjava/TrackerHandler done
Event: 0.367 Loading class java/util/regex/Pattern$LastNode
Event: 0.367 Loading class java/util/regex/Pattern$LastNode done
Event: 0.367 Loading class java/util/regex/Pattern$GroupHead
Event: 0.367 Loading class java/util/regex/Pattern$GroupHead done
Event: 0.367 Loading class java/util/regex/Pattern$SliceNode
Event: 0.368 Loading class java/util/regex/Pattern$SliceNode done
Event: 0.368 Loading class java/util/regex/Pattern$Slice
Event: 0.368 Loading class java/util/regex/Pattern$Slice done
Event: 0.368 Loading class java/util/regex/Pattern$BnM
Event: 0.368 Loading class java/util/regex/Pattern$BnM done
Event: 0.368 Loading class java/util/regex/Pattern$Start
Event: 0.368 Loading class java/util/regex/Pattern$Start done
Event: 0.368 Loading class java/util/regex/Matcher
Event: 0.368 Loading class java/util/regex/Matcher done
Event: 51.123 Loading class kotlinx/coroutines/debug/internal/DebugProbesImpl
Event: 51.123 Loading class kotlinx/coroutines/debug/internal/DebugProbesImpl done

Classes unloaded (0 events):
No events

Classes redefined (1 events):
Event: 0.277 Thread 0x000001d541281d40 redefined class name=java.lang.Throwable, count=1

Internal exceptions (11 events):
Event: 0.262 Thread 0x000001d50712df80 Exception <a 'java/lang/NoSuchMethodError'{0x00000010601356a8}: 'void java.lang.invoke.DirectMethodHandle$Holder.invokeStatic(java.lang.Object, java.lang.Object, java.lang.Object)'> (0x00000010601356a8) 
thrown [s\open\src\hotspot\share\interpreter\linkResolver.cpp, line 805]
Event: 0.265 Thread 0x000001d50712df80 Exception <a 'java/lang/NoSuchMethodError'{0x00000010606890e8}: 'java.lang.Object java.lang.invoke.Invokers$Holder.invokeExact_MT(java.lang.Object, java.lang.Object, java.lang.Object, java.lang.Object, java.lang.Object)'> (0x00000010606890e8) 
thrown [s\open\src\hotspot\share\interpreter\linkResolver.cpp, line 805]
Event: 0.296 Thread 0x000001d50712df80 Exception <a 'sun/nio/fs/WindowsException'{0x00000010607bdc38}> (0x00000010607bdc38) 
thrown [s\open\src\hotspot\share\prims\jni.cpp, line 518]
Event: 0.296 Thread 0x000001d50712df80 Exception <a 'sun/nio/fs/WindowsException'{0x00000010607cb610}> (0x00000010607cb610) 
thrown [s\open\src\hotspot\share\prims\jni.cpp, line 518]
Event: 0.337 Thread 0x000001d5418a98b0 Exception <a 'java/lang/NoSuchMethodError'{0x000000106090ecf0}: 'java.lang.Object java.lang.invoke.DirectMethodHandle$Holder.invokeStaticInit(java.lang.Object)'> (0x000000106090ecf0) 
thrown [s\open\src\hotspot\share\interpreter\linkResolver.cpp, line 805]
Event: 0.340 Thread 0x000001d5418a98b0 Exception <a 'java/lang/NoSuchMethodError'{0x000000106091b678}: 'void java.lang.invoke.DirectMethodHandle$Holder.invokeStatic(java.lang.Object, java.lang.Object)'> (0x000000106091b678) 
thrown [s\open\src\hotspot\share\interpreter\linkResolver.cpp, line 805]
Event: 0.340 Thread 0x000001d5418aa000 Exception <a 'java/lang/NoSuchMethodError'{0x0000001060b3cec8}: 'void java.lang.invoke.DirectMethodHandle$Holder.invokeStatic(java.lang.Object, java.lang.Object)'> (0x0000001060b3cec8) 
thrown [s\open\src\hotspot\share\interpreter\linkResolver.cpp, line 805]
Event: 0.360 Thread 0x000001d5418acbe0 Exception <a 'java/lang/NoSuchMethodError'{0x0000001060facde0}: 'java.lang.Object java.lang.invoke.DirectMethodHandle$Holder.invokeSpecial(java.lang.Object, java.lang.Object, java.lang.Object, java.lang.Object, java.lang.Object, int)'> (0x0000001060facde0) 
thrown [s\open\src\hotspot\share\interpreter\linkResolver.cpp, line 805]
Event: 0.360 Thread 0x000001d5418a8a10 Exception <a 'java/lang/NoSuchMethodError'{0x000000105f03e170}: 'java.lang.Object java.lang.invoke.DirectMethodHandle$Holder.invokeSpecial(java.lang.Object, java.lang.Object, java.lang.Object, java.lang.Object, java.lang.Object, int)'> (0x000000105f03e170) 
thrown [s\open\src\hotspot\share\interpreter\linkResolver.cpp, line 805]
Event: 0.360 Thread 0x000001d5418a8a10 Exception <a 'java/lang/NoSuchMethodError'{0x000000105f04e3d0}: 'java.lang.Object java.lang.invoke.Invokers$Holder.linkToTargetMethod(java.lang.Object, java.lang.Object, int, java.lang.Object)'> (0x000000105f04e3d0) 
thrown [s\open\src\hotspot\share\interpreter\linkResolver.cpp, line 805]
Event: 0.361 Thread 0x000001d5418acbe0 Exception <a 'java/lang/NoSuchMethodError'{0x0000001060fbd0a0}: 'java.lang.Object java.lang.invoke.Invokers$Holder.linkToTargetMethod(java.lang.Object, java.lang.Object, int, java.lang.Object)'> (0x0000001060fbd0a0) 
thrown [s\open\src\hotspot\share\interpreter\linkResolver.cpp, line 805]

VM Operations (20 events):
Event: 0.286 Executing VM operation: ChangeBreakpoints
Event: 0.286 Executing VM operation: ChangeBreakpoints done
Event: 0.331 Executing VM operation: HandshakeAllThreads (Deoptimize)
Event: 0.331 Executing VM operation: HandshakeAllThreads (Deoptimize) done
Event: 0.378 Executing VM operation: ChangeBreakpoints
Event: 0.378 Executing VM operation: ChangeBreakpoints done
Event: 0.389 Executing VM operation: get/set locals
Event: 0.389 Executing VM operation: get/set locals done
Event: 0.389 Executing VM operation: get/set locals
Event: 0.389 Executing VM operation: get/set locals done
Event: 44.513 Executing VM operation: ChangeBreakpoints
Event: 44.513 Executing VM operation: ChangeBreakpoints done
Event: 47.166 Executing VM operation: ChangeBreakpoints
Event: 47.166 Executing VM operation: ChangeBreakpoints done
Event: 51.172 Executing VM operation: get/set locals
Event: 51.172 Executing VM operation: get/set locals done
Event: 51.172 Executing VM operation: get/set locals
Event: 51.172 Executing VM operation: get/set locals done
Event: 51.172 Executing VM operation: get/set locals
Event: 51.173 Executing VM operation: get/set locals done

Memory protections (0 events):
No events

Nmethod flushes (0 events):
No events

Events (20 events):
Event: 0.350 Thread 0x000001d5418a6cd0 Thread added: 0x000001d5418a8a10
Event: 0.359 Thread 0x000001d5418aa000 Thread added: 0x000001d5418abd40
Event: 0.359 Thread 0x000001d5418aa000 Thread added: 0x000001d5418a5e30
Event: 0.364 Thread 0x000001d5418abd40 Thread exited: 0x000001d5418abd40
Event: 0.364 Thread 0x000001d5418a5e30 Thread exited: 0x000001d5418a5e30
Event: 0.365 Thread 0x000001d5418aa000 Thread added: 0x000001d5418aa750
Event: 0.365 Thread 0x000001d5418aa000 Thread added: 0x000001d5418a7420
Event: 0.365 Thread 0x000001d5418aa750 Thread exited: 0x000001d5418aa750
Event: 0.365 Thread 0x000001d5418a7420 Thread exited: 0x000001d5418a7420
Event: 0.366 Thread 0x000001d5418aa000 Thread added: 0x000001d5418aa750
Event: 0.367 Thread 0x000001d5418aa750 Thread exited: 0x000001d5418aa750
Event: 0.378 Thread 0x000001d5418a98b0 Thread added: 0x000001d5418a7420
Event: 0.379 Thread 0x000001d5418a98b0 Thread added: 0x000001d5418aa750
Event: 0.379 Thread 0x000001d5418a98b0 Thread added: 0x000001d5418a5e30
Event: 0.379 Thread 0x000001d5418a98b0 Thread added: 0x000001d5418aaea0
Event: 0.379 Thread 0x000001d5418a98b0 Thread added: 0x000001d5418ad330
Event: 0.379 Thread 0x000001d5418a98b0 Thread added: 0x000001d5418ab5f0
Event: 5.368 Thread 0x000001d5413c5d50 Thread exited: 0x000001d5413c5d50
Event: 10.368 Thread 0x000001d5413c55c0 Thread exited: 0x000001d5413c55c0
Event: 15.369 Thread 0x000001d5413c64e0 Thread exited: 0x000001d5413c64e0


Dynamic libraries:
0x00007ff77bde0000 - 0x00007ff77bdee000 	C:\Users\mraysmit\.jdks\openjdk-24\bin\java.exe
0x00007ffc03bf0000 - 0x00007ffc03de8000 	C:\Windows\SYSTEM32\ntdll.dll
0x00007ffc02010000 - 0x00007ffc020d2000 	C:\Windows\System32\KERNEL32.DLL
0x00007ffc014e0000 - 0x00007ffc017df000 	C:\Windows\System32\KERNELBASE.dll
0x00007ffc019c0000 - 0x00007ffc01ac0000 	C:\Windows\System32\ucrtbase.dll
0x00007ffbdeeb0000 - 0x00007ffbdeec6000 	C:\Users\mraysmit\.jdks\openjdk-24\bin\jli.dll
0x00007ffbdc660000 - 0x00007ffbdc67b000 	C:\Users\mraysmit\.jdks\openjdk-24\bin\VCRUNTIME140.dll
0x00007ffc02f00000 - 0x00007ffc0309d000 	C:\Windows\System32\USER32.dll
0x00007ffbe0c60000 - 0x00007ffbe0efa000 	C:\Windows\WinSxS\amd64_microsoft.windows.common-controls_6595b64144ccf1df_6.0.19041.4355_none_60b8b9eb71f62e16\COMCTL32.dll
0x00007ffc017e0000 - 0x00007ffc01802000 	C:\Windows\System32\win32u.dll
0x00007ffc02e50000 - 0x00007ffc02eee000 	C:\Windows\System32\msvcrt.dll
0x00007ffc03730000 - 0x00007ffc0375b000 	C:\Windows\System32\GDI32.dll
0x00007ffc01af0000 - 0x00007ffc01c0a000 	C:\Windows\System32\gdi32full.dll
0x00007ffc01440000 - 0x00007ffc014dd000 	C:\Windows\System32\msvcp_win.dll
0x00007ffc01e70000 - 0x00007ffc01e9f000 	C:\Windows\System32\IMM32.DLL
0x00007ffbdece0000 - 0x00007ffbdecec000 	C:\Users\mraysmit\.jdks\openjdk-24\bin\vcruntime140_1.dll
0x00007ffbb32b0000 - 0x00007ffbb333e000 	C:\Users\mraysmit\.jdks\openjdk-24\bin\msvcp140.dll
0x00007ffb47080000 - 0x00007ffb47e22000 	C:\Users\mraysmit\.jdks\openjdk-24\bin\server\jvm.dll
0x00007ffc01ea0000 - 0x00007ffc01f4f000 	C:\Windows\System32\ADVAPI32.dll
0x00007ffc030b0000 - 0x00007ffc0314f000 	C:\Windows\System32\sechost.dll
0x00007ffc03150000 - 0x00007ffc03273000 	C:\Windows\System32\RPCRT4.dll
0x00007ffc01ac0000 - 0x00007ffc01ae7000 	C:\Windows\System32\bcrypt.dll
0x00007ffc020e0000 - 0x00007ffc0214b000 	C:\Windows\System32\WS2_32.dll
0x00007ffc007e0000 - 0x00007ffc0082b000 	C:\Windows\SYSTEM32\POWRPROF.dll
0x00007ffbfab70000 - 0x00007ffbfab7a000 	C:\Windows\SYSTEM32\VERSION.dll
0x00007ffbec6d0000 - 0x00007ffbec6f7000 	C:\Windows\SYSTEM32\WINMM.dll
0x00007ffc00650000 - 0x00007ffc00662000 	C:\Windows\SYSTEM32\UMPDC.dll
0x00007ffbffa70000 - 0x00007ffbffa82000 	C:\Windows\SYSTEM32\kernel.appcore.dll
0x00007ffbdea30000 - 0x00007ffbdea3a000 	C:\Users\mraysmit\.jdks\openjdk-24\bin\jimage.dll
0x00007ffbff730000 - 0x00007ffbff914000 	C:\Windows\SYSTEM32\DBGHELP.DLL
0x00007ffbda0c0000 - 0x00007ffbda0f4000 	C:\Windows\SYSTEM32\dbgcore.DLL
0x00007ffc013b0000 - 0x00007ffc01432000 	C:\Windows\System32\bcryptPrimitives.dll
0x00007ffbe80b0000 - 0x00007ffbe80ec000 	C:\Users\mraysmit\.jdks\openjdk-24\bin\jdwp.dll
0x00007ffbb30a0000 - 0x00007ffbb32ae000 	C:\Users\mraysmit\AppData\Local\Temp\idea_libasyncProfiler_dll_temp_folder9\libasyncProfiler.dll
0x00007ffbfae90000 - 0x00007ffbfae9f000 	C:\Users\mraysmit\.jdks\openjdk-24\bin\instrument.dll
0x00007ffbd8880000 - 0x00007ffbd889e000 	C:\Users\mraysmit\.jdks\openjdk-24\bin\java.dll
0x00007ffc039a0000 - 0x00007ffc03acb000 	C:\Windows\System32\ole32.dll
0x00007ffc02af0000 - 0x00007ffc02e45000 	C:\Windows\System32\combase.dll
0x00007ffc022d0000 - 0x00007ffc02a3d000 	C:\Windows\System32\SHELL32.dll
0x00007ffbcd7d0000 - 0x00007ffbcd7e7000 	C:\Users\mraysmit\.jdks\openjdk-24\bin\zip.dll
0x00007ffbfeec0000 - 0x00007ffbff664000 	C:\Windows\SYSTEM32\windows.storage.dll
0x00007ffc00be0000 - 0x00007ffc00c0b000 	C:\Windows\SYSTEM32\Wldp.dll
0x00007ffc038d0000 - 0x00007ffc0399d000 	C:\Windows\System32\OLEAUT32.dll
0x00007ffc02a40000 - 0x00007ffc02aed000 	C:\Windows\System32\SHCORE.dll
0x00007ffc03ad0000 - 0x00007ffc03b25000 	C:\Windows\System32\shlwapi.dll
0x00007ffc011c0000 - 0x00007ffc011e5000 	C:\Windows\SYSTEM32\profapi.dll
0x00007ffba5fd0000 - 0x00007ffba60a7000 	C:\Users\mraysmit\.jdks\openjdk-24\bin\jsvml.dll
0x00007ffbfae80000 - 0x00007ffbfae8c000 	C:\Users\mraysmit\.jdks\openjdk-24\bin\dt_socket.dll
0x00007ffc00670000 - 0x00007ffc006ab000 	C:\Windows\SYSTEM32\IPHLPAPI.DLL
0x00007ffc009c0000 - 0x00007ffc00a2c000 	C:\Windows\system32\mswsock.dll
0x00007ffbde560000 - 0x00007ffbde570000 	C:\Users\mraysmit\.jdks\openjdk-24\bin\net.dll
0x00007ffbcd810000 - 0x00007ffbcd826000 	C:\Users\mraysmit\.jdks\openjdk-24\bin\nio.dll
0x00007ffc00700000 - 0x00007ffc007ca000 	C:\Windows\SYSTEM32\DNSAPI.dll
0x00007ffc032a0000 - 0x00007ffc032a8000 	C:\Windows\System32\NSI.dll
0x00007ffbfaf60000 - 0x00007ffbfaf6a000 	C:\Windows\System32\rasadhlp.dll
0x00007ffbfa3b0000 - 0x00007ffbfa430000 	C:\Windows\System32\fwpuclnt.dll
0x00007ffbde4c0000 - 0x00007ffbde4c9000 	C:\Users\mraysmit\.jdks\openjdk-24\bin\extnet.dll

dbghelp: loaded successfully - version: 4.0.5 - missing functions: none
symbol engine: initialized successfully - sym options: 0x614 - pdb path: .;C:\Users\mraysmit\.jdks\openjdk-24\bin;C:\Windows\SYSTEM32;C:\Windows\WinSxS\amd64_microsoft.windows.common-controls_6595b64144ccf1df_6.0.19041.4355_none_60b8b9eb71f62e16;C:\Users\mraysmit\.jdks\openjdk-24\bin\server;C:\Users\mraysmit\AppData\Local\Temp\idea_libasyncProfiler_dll_temp_folder9

VM Arguments:
jvm_args: -agentlib:jdwp=transport=dt_socket,address=127.0.0.1:60168,suspend=y,server=n -agentpath:C:\Users\mraysmit\AppData\Local\Temp\idea_libasyncProfiler_dll_temp_folder9\libasyncProfiler.dll=version,jfr,event=wall,interval=10ms,cstack=no,file=C:\Users\mraysmit\IdeaSnapshots\P2PTestHarness_2025_03_29_222718.jfr,dbghelppath=C:\Users\mraysmit\AppData\Local\Temp\idea_dbghelp_dll_temp_folder1\dbghelp.dll,log=C:\Users\mraysmit\AppData\Local\Temp\P2PTestHarness_2025_03_29_222718.jfr.log.txt,logLevel=DEBUG -javaagent:C:\Users\mraysmit\AppData\Local\JetBrains\IntelliJIdea2024.3\captureAgent\debugger-agent.jar -Dkotlinx.coroutines.debug.enable.creation.stack.trace=false -Ddebugger.agent.enable.coroutines=true -Dkotlinx.coroutines.debug.enable.flows.stack.trace=true -Dkotlinx.coroutines.debug.enable.mutable.state.flows.stack.trace=true -Dfile.encoding=UTF-8 -Dsun.stdout.encoding=UTF-8 -Dsun.stderr.encoding=UTF-8 
java_command: dev.mars.p2pjava.P2PTestHarness
java_class_path (initial): C:\Users\mraysmit\dev\idea-projects\p2p-java\p2p-client\target\classes;C:\Users\mraysmit\dev\idea-projects\p2p-java\p2p-tracker\target\classes;C:\Users\mraysmit\dev\idea-projects\p2p-java\p2p-indexserver\target\classes;C:\Users\mraysmit\dev\idea-projects\p2p-java\p2p-peer\target\classes;C:\Users\mraysmit\AppData\Local\Programs\IntelliJ IDEA Ultimate\lib\idea_rt.jar
Launcher Type: SUN_STANDARD

[Global flags]
     intx CICompilerCount                          = 12                                        {product} {ergonomic}
     uint ConcGCThreads                            = 4                                         {product} {ergonomic}
     uint G1ConcRefinementThreads                  = 16                                        {product} {ergonomic}
   size_t G1HeapRegionSize                         = 16777216                                  {product} {ergonomic}
   size_t InitialHeapSize                          = 1610612736                                {product} {ergonomic}
   size_t MarkStackSize                            = 4194304                                   {product} {ergonomic}
   size_t MarkStackSizeMax                         = 536870912                                 {product} {ergonomic}
   size_t MaxHeapSize                              = 25602031616                               {product} {ergonomic}
   size_t MaxNewSize                               = 15351152640                               {product} {ergonomic}
   size_t MinHeapDeltaBytes                        = 16777216                                  {product} {ergonomic}
   size_t MinHeapSize                              = 16777216                                  {product} {ergonomic}
    uintx NonNMethodCodeHeapSize                   = 7602176                                {pd product} {ergonomic}
    uintx NonProfiledCodeHeapSize                  = 122093568                              {pd product} {ergonomic}
    uintx ProfiledCodeHeapSize                     = 121962496                              {pd product} {ergonomic}
    uintx ReservedCodeCacheSize                    = 251658240                              {pd product} {ergonomic}
     bool SegmentedCodeCache                       = true                                      {product} {ergonomic}
   size_t SoftMaxHeapSize                          = 25602031616                            {manageable} {ergonomic}
     bool UseCompressedOops                        = true                           {product lp64_product} {ergonomic}
     bool UseG1GC                                  = true                                      {product} {ergonomic}
     bool UseLargePagesIndividualAllocation        = false                                  {pd product} {ergonomic}

Logging:
Log output configuration:
 #0: stdout all=warning uptime,level,tags foldmultilines=false
 #1: stderr all=off uptime,level,tags foldmultilines=false

Environment Variables:
JAVA_HOME=C:\Users\mraysmit\.jdks\corretto-21.0.0_35
CLASSPATH=C:\Programs\db-derby-10.17.1.1-bin\lib\derby.jar;%DERBY_INSTALL%\lib\derbytools.jar;C:\Programs\db-derby-10.17.1.1-bin\lib\derbyoptionaltools.jar;C:\Programs\db-derby-10.17.1.1-bin\lib\derbyshared.jar;
PATH=C:\Program Files (x86)\VMware\VMware Workstation\bin\;C:\Windows\system32;C:\Windows;C:\Windows\System32\Wbem;C:\Windows\System32\WindowsPowerShell\v1.0\;C:\Windows\System32\OpenSSH\;C:\Program Files\Microsoft SQL Server\Client SDK\ODBC\170\Tools\Binn\;C:\Users\mraysmit\.jdks\corretto-21.0.0_35\bin;C:\Program Files\Azure Data Studio\bin;C:\Program Files\Microsoft SQL Server\150\Tools\Binn\;C:\Program Files\dotnet\;C:\Programs\mingw64\bin;C:\Program Files (x86)\Windows Kits\10\Windows Performance Toolkit\;C:\Program Files\PowerShell\7\;C:\Program Files\Git\cmd;C:\Program Files\Docker\Docker\resources\bin;C:\Program Files (x86)\AOMEI\AOMEI Backupper\7.4.2;C:\Users\mraysmit\scoop\apps\nodejs-lts\current\bin;C:\Users\mraysmit\scoop\apps\nodejs-lts\current;C:\Users\mraysmit\scoop\apps\maven\current\bin;C:\Users\mraysmit\AppData\Local\Programs\Python\Python312\Scripts\;C:\Users\mraysmit\AppData\Local\Programs\Python\Python312\;C:\Users\mraysmit\.cargo\bin;C:\Users\mraysmit\scoop\shims;C:\Users\mraysmit\AppData\Local\Microsoft\WindowsApps;C:\Users\mraysmit\AppData\Local\JetBrains\Toolbox\scripts;C:\Users\mraysmit\.dotnet\tools;C:\Users\mraysmit\AppData\Local\Programs\Microsoft VS Code\bin;C:\Users\mraysmit\AppData\Local\Programs\Azure Data Studio\bin;C:\Users\mraysmit\.dotnet\tools;C:\Users\mraysmit\.dotnet\tools;C:\Users\mraysmit\.dotnet\tools;C:\Users\mraysmit\AppData\Local\GitHubDesktop\bin
USERNAME=mraysmit
OS=Windows_NT
PROCESSOR_IDENTIFIER=Intel64 Family 6 Model 170 Stepping 4, GenuineIntel
TMP=C:\Users\mraysmit\AppData\Local\Temp
TEMP=C:\Users\mraysmit\AppData\Local\Temp




Periodic native trim disabled

---------------  S Y S T E M  ---------------

OS:
 Windows 10 , 64 bit Build 19041 (10.0.19041.5438)
OS uptime: 16 days 2:33 hours
Hyper-V role detected

CPU: total 22 (initial active 22) (11 cores per cpu, 2 threads per core) family 6 model 170 stepping 4 microcode 0x1c, cx8, cmov, fxsr, ht, mmx, 3dnowpref, sse, sse2, sse3, ssse3, sse4.1, sse4.2, popcnt, lzcnt, tsc, tscinvbit, avx, avx2, aes, erms, clmul, bmi1, bmi2, adx, sha, fma, vzeroupper, clflush, clflushopt, clwb, hv, rdtscp, rdpid, fsrm, gfni, f16c, cet_ibt, cet_ss
Processor Information for processor 0
  Max Mhz: 2300, Current Mhz: 2300, Mhz Limit: 2300
Processor Information for processor 1
  Max Mhz: 2300, Current Mhz: 2300, Mhz Limit: 2300
Processor Information for processor 2
  Max Mhz: 1800, Current Mhz: 1800, Mhz Limit: 1800
Processor Information for processor 3
  Max Mhz: 1800, Current Mhz: 1800, Mhz Limit: 1800
Processor Information for processor 4
  Max Mhz: 1800, Current Mhz: 1800, Mhz Limit: 1800
Processor Information for processor 5
  Max Mhz: 1800, Current Mhz: 1800, Mhz Limit: 1800
Processor Information for processor 6
  Max Mhz: 1800, Current Mhz: 1800, Mhz Limit: 1800
Processor Information for processor 7
  Max Mhz: 1800, Current Mhz: 1800, Mhz Limit: 1800
Processor Information for processor 8
  Max Mhz: 1800, Current Mhz: 1800, Mhz Limit: 1800
Processor Information for processor 9
  Max Mhz: 1800, Current Mhz: 1800, Mhz Limit: 1800
Processor Information for processor 10
  Max Mhz: 2300, Current Mhz: 2300, Mhz Limit: 2300
Processor Information for processor 11
  Max Mhz: 2300, Current Mhz: 2300, Mhz Limit: 2300
Processor Information for processor 12
  Max Mhz: 2300, Current Mhz: 2300, Mhz Limit: 2300
Processor Information for processor 13
  Max Mhz: 2300, Current Mhz: 2300, Mhz Limit: 2300
Processor Information for processor 14
  Max Mhz: 2300, Current Mhz: 2300, Mhz Limit: 2300
Processor Information for processor 15
  Max Mhz: 2300, Current Mhz: 2300, Mhz Limit: 2300
Processor Information for processor 16
  Max Mhz: 2300, Current Mhz: 2300, Mhz Limit: 2300
Processor Information for processor 17
  Max Mhz: 2300, Current Mhz: 2300, Mhz Limit: 2300
Processor Information for processor 18
  Max Mhz: 2300, Current Mhz: 2300, Mhz Limit: 2300
Processor Information for processor 19
  Max Mhz: 2300, Current Mhz: 2300, Mhz Limit: 2300
Processor Information for processor 20
  Max Mhz: 2500, Current Mhz: 1000, Mhz Limit: 1000
Processor Information for processor 21
  Max Mhz: 2500, Current Mhz: 1000, Mhz Limit: 1000

Memory: 4k page, system-wide physical 97604M (61769M free)
TotalPageFile size 111940M (AvailPageFile size 58399M)
current process WorkingSet (physical memory assigned to process): 64M, peak: 68M
current process commit charge ("private bytes"): 1723M, peak: 1727M

vm_info: OpenJDK 64-Bit Server VM (24+36-3646) for windows-amd64 JRE (24+36-3646), built on 2025-02-06T00:20:43Z with MS VC++ 17.6 (VS2022)

END.
