#
# A fatal error has been detected by the Java Runtime Environment:
#
#  EXCEPTION_ACCESS_VIOLATION (0xc0000005) at pc=0x00007ffbb3133004, pid=39436, tid=41948
#
# JRE version: OpenJDK Runtime Environment (24.0+36) (build 24+36-3646)
# Java VM: OpenJDK 64-Bit Server VM (24+36-3646, mixed mode, sharing, tiered, compressed oops, compressed class ptrs, g1 gc, windows-amd64)
# Problematic frame:
# C  [libasyncProfiler.dll+0x93004]
#
# No core dump will be written. Minidumps are not enabled by default on client versions of Windows
#
# If you would like to submit a bug report, please visit:
#   https://bugreport.java.com/bugreport/crash.jsp
# The crash happened outside the Java Virtual Machine in native code.
# See problematic frame for where to report the bug.
#

---------------  S U M M A R Y ------------

Command Line: -agentlib:jdwp=transport=dt_socket,address=127.0.0.1:52863,suspend=y,server=n -agentpath:C:\Users\mraysmit\AppData\Local\Temp\idea_libasyncProfiler_dll_temp_folder9\libasyncProfiler.dll=version,jfr,event=wall,interval=10ms,cstack=no,file=C:\Users\mraysmit\IdeaSnapshots\P2PTestHarness_2025_03_29_213351.jfr,dbghelppath=C:\Users\mraysmit\AppData\Local\Temp\idea_dbghelp_dll_temp_folder1\dbghelp.dll,log=C:\Users\mraysmit\AppData\Local\Temp\P2PTestHarness_2025_03_29_213351.jfr.log.txt,logLevel=DEBUG -javaagent:C:\Users\mraysmit\AppData\Local\JetBrains\IntelliJIdea2024.3\captureAgent\debugger-agent.jar -Dkotlinx.coroutines.debug.enable.creation.stack.trace=false -Ddebugger.agent.enable.coroutines=true -Dkotlinx.coroutines.debug.enable.flows.stack.trace=true -Dkotlinx.coroutines.debug.enable.mutable.state.flows.stack.trace=true -Dfile.encoding=UTF-8 -Dsun.stdout.encoding=UTF-8 -Dsun.stderr.encoding=UTF-8 dev.mars.p2pjava.P2PTestHarness

Host: Intel(R) Core(TM) Ultra 9 185H, 22 cores, 95G,  Windows 10 , 64 bit Build 19041 (10.0.19041.5438)
Time: Sat Mar 29 21:34:43 2025 China Standard Time elapsed time: 52.084402 seconds (0d 0h 0m 52s)

---------------  T H R E A D  ---------------

Current thread (0x0000014c2191f940):  JavaThread "Attach Listener" daemon [_thread_in_native, id=41948, stack(0x0000002084400000,0x0000002084500000) (1024K)]

Stack: [0x0000002084400000,0x0000002084500000],  sp=0x00000020844ff180,  free space=1020k
Native frames: (J=compiled Java code, j=interpreted, Vv=VM code, C=native code)
C  [libasyncProfiler.dll+0x93004]  (no source info available)
C  [libasyncProfiler.dll+0x934db]  (no source info available)
C  [libasyncProfiler.dll+0x92134]  (no source info available)
C  [libasyncProfiler.dll+0x929aa]  (no source info available)
C  [libasyncProfiler.dll+0x8d561]  (no source info available)
C  [libasyncProfiler.dll+0x7ef21]  (no source info available)
C  [libasyncProfiler.dll+0x7dc38]  (no source info available)
C  [libasyncProfiler.dll+0x7db20]  (no source info available)
C  [libasyncProfiler.dll+0x84af9]  (no source info available)
V  [jvm.dll+0x57f1b7]  (no source info available)
V  [jvm.dll+0x57ff2c]  (no source info available)
V  [jvm.dll+0x14c9b7]  (no source info available)
V  [jvm.dll+0x14df81]  (no source info available)
V  [jvm.dll+0x42f566]  (no source info available)
V  [jvm.dll+0x87d8fb]  (no source info available)
V  [jvm.dll+0x72efe5]  (no source info available)
C  [ucrtbase.dll+0x21bb2]  (no source info available)
C  [KERNEL32.DLL+0x17374]  (no source info available)
C  [ntdll.dll+0x4cc91]  (no source info available)


siginfo: EXCEPTION_ACCESS_VIOLATION (0xc0000005), reading address 0xffffffffffffffff


Registers:
RAX=0x0000000000000010, RBX=0x0000000000000000, RCX=0xffffffffffffffff, RDX=0x007ffb47ad2ff010
RSP=0x00000020844ff180, RBP=0x0000014c2194abf8, RSI=0x00000020844ff2f0, RDI=0x0000014c2194abf8
R8 =0x0000000000000042, R9 =0x0000000269001ee8, R10=0x00007ffb47d49fc0, R11=0x0000000000000024
R12=0x00000020844ff2f0, R13=0x0000014c67da84f0, R14=0x0000014c2191fd08, R15=0x0000014c2191fd08
RIP=0x00007ffbb3133004, EFLAGS=0x0000000000010202

XMM[0]=0x0000000000000000 0x0000000000000000
XMM[1]=0x0000000000000000 0x0000000000000000
XMM[2]=0x0000000000000000 0x0000000000000000
XMM[3]=0x0000000000000000 0x0000000000000000
XMM[4]=0x0000000000000000 0x0000000000000000
XMM[5]=0x0000000000000000 0x0000000000000000
XMM[6]=0x0000000000000000 0x0000000000000000
XMM[7]=0x0000000000000000 0x0000000000000000
XMM[8]=0x0000000000000000 0x0000000000000000
XMM[9]=0x0000000000000000 0x0000000000000000
XMM[10]=0x0000000000000000 0x0000000000000000
XMM[11]=0x0000000000000000 0x0000000000000000
XMM[12]=0x0000000000000000 0x0000000000000000
XMM[13]=0x0000000000000000 0x0000000000000000
XMM[14]=0x0000000000000000 0x0000000000000000
XMM[15]=0x0000000000000000 0x0000000000000000
  MXCSR=0x00001fa0


Register to memory mapping:

RAX=0x0000000000000010 is an unknown value
RBX=0x0 is null
RCX=0xffffffffffffffff is an unknown value
RDX=0x007ffb47ad2ff010 is an unknown value
RSP=0x00000020844ff180 is pointing into the stack for thread: 0x0000014c2191f940
RBP=0x0000014c2194abf8 points into unknown readable memory: 0x0000000269001ee8 | e8 1e 00 69 02 00 00 00
RSI=0x00000020844ff2f0 is pointing into the stack for thread: 0x0000014c2191f940
RDI=0x0000014c2194abf8 points into unknown readable memory: 0x0000000269001ee8 | e8 1e 00 69 02 00 00 00
R8 =0x0000000000000042 is an unknown value
R9 =0x0000000269001ee8 is an oop: java.lang.Thread 
{0x0000000269001ee8} - klass: 'java/lang/Thread' - flags: 

 - ---- fields (total size 14 words):
 - 'threadLocalRandomProbe' 'I' @12  0 (0x00000000)
 - private volatile 'eetop' 'J' @16  1427672327824 (0x0000014c67e6e690)
 - private final 'tid' 'J' @24  3 (0x0000000000000003)
 - 'threadLocalRandomSeed' 'J' @32  0 (0x0000000000000000)
 - injected 'jvmti_thread_state' 'J' @40  1427633399328 (0x0000014c6594e620)
 - 'threadLocalRandomSecondarySeed' 'I' @48  2053601953 (0x7a677aa1)
 - injected 'jvmti_VTMS_transition_disable_count' 'I' @52  0 (0x00000000)
 - injected 'jfr_epoch' 'S' @56  0 (0x0000)
 - volatile 'interrupted' 'Z' @58  false (0x00)
 - injected 'jvmti_is_in_VTMS_transition' 'Z' @59  false (0x00)
 - private volatile 'name' 'Ljava/lang/String;' @60  "main"{0x0000000269001f58} (0x4d2003eb)
 - private volatile 'contextClassLoader' 'Ljava/lang/ClassLoader;' @64  a 'jdk/internal/loader/ClassLoaders$AppClassLoader'{0x0000000269018c68} (0x4d20318d)
 - private final 'holder' 'Ljava/lang/Thread$FieldHolder;' @68  a 'java/lang/Thread$FieldHolder'{0x0000000269001f98} (0x4d2003f3)
 - 'threadLocals' 'Ljava/lang/ThreadLocal$ThreadLocalMap;' @72  a 'java/lang/ThreadLocal$ThreadLocalMap'{0x00000002697bad90} (0x4d2f75b2)
 - 'inheritableThreadLocals' 'Ljava/lang/ThreadLocal$ThreadLocalMap;' @76  null (0x00000000)
 - private 'scopedValueBindings' 'Ljava/lang/Object;' @80  a 'java/lang/Class'{0x00000007ff07c280} = 'java/lang/Thread' (0xffe0f850)
 - final 'interruptLock' 'Ljava/lang/Object;' @84  a 'java/lang/Object'{0x0000000269001f88} (0x4d2003f1)
 - private volatile 'parkBlocker' 'Ljava/lang/Object;' @88  null (0x00000000)
 - private 'nioBlocker' 'Lsun/nio/ch/Interruptible;' @92  null (0x00000000)
 - private 'cont' 'Ljdk/internal/vm/Continuation;' @96  null (0x00000000)
 - private volatile 'uncaughtExceptionHandler' 'Ljava/lang/Thread$UncaughtExceptionHandler;' @100  null (0x00000000)
 - private 'container' 'Ljdk/internal/vm/ThreadContainer;' @104  null (0x00000000)
 - private volatile 'headStackableScopes' 'Ljdk/internal/vm/StackableScope;' @108  null (0x00000000)
R10=0x00007ffb47d49fc0 jvm.dll
R11=0x0000000000000024 is an unknown value
R12=0x00000020844ff2f0 is pointing into the stack for thread: 0x0000014c2191f940
R13=0x0000014c67da84f0 points into unknown readable memory: 0x00007ffb47cba510 | 10 a5 cb 47 fb 7f 00 00
R14=0x0000014c2191fd08 points into unknown readable memory: 0x00007ffb47cb17b0 | b0 17 cb 47 fb 7f 00 00
R15=0x0000014c2191fd08 points into unknown readable memory: 0x00007ffb47cb17b0 | b0 17 cb 47 fb 7f 00 00

Top of Stack: (sp=0x00000020844ff180)
0x00000020844ff180:   00000020844ff2f0 0000014c2194abf8   ..O. ......!L...
0x00000020844ff190:   0000000000000000 0000014c21920090   ...........!L...
0x00000020844ff1a0:   0000000000000021 00007ffbb31334db   !........4......
0x00000020844ff1b0:   0000000000000000 0000014c2191fd08   ...........!L...
0x00000020844ff1c0:   00000020844ff201 0000000000000000   ..O. ...........
0x00000020844ff1d0:   0000014c64131f90 00007ffbb3132134   ...dL...4!......
0x00000020844ff1e0:   0000000000000000 0000000000000021   ........!.......
0x00000020844ff1f0:   0000000000000000 0000000000000021   ........!.......
0x00000020844ff200:   0000001000000000 0000014c222de580   ..........-"L...
0x00000020844ff210:   0000014c64131f90 0000014c64132014   ...dL.... .dL...
0x00000020844ff220:   0000014c64132038 0000014c00001d54   8 .dL...T...L...
0x00000020844ff230:   0000000000000000 0000000000000000   ................
0x00000020844ff240:   0000000000000000 00007ffb475158e4   .........XQG....
0x00000020844ff250:   00007ffbb328ae00 0000000000009a0c   ..(.............
0x00000020844ff260:   00007ffbb328ae00 00000000ffffffff   ..(.............
0x00000020844ff270:   0000000000000000 00007ffbb31329aa   .........)......
0x00000020844ff280:   0000014c2191fd08 0000000000000000   ...!L...........
0x00000020844ff290:   00000020844ff2f9 0000014c67da84f0   ..O. ......gL...
0x00000020844ff2a0:   0000014c0000424a 0000000000000000   JB..L...........
0x00000020844ff2b0:   0000000000000000 0000014c22883fc0   .........?."L...
0x00000020844ff2c0:   0000014c2191fd08 00007ffbb328ae00   ...!L.....(.....
0x00000020844ff2d0:   0000000000100000 0000000000001000   ................
0x00000020844ff2e0:   00000020844ff488 0000014c2191fd08   ..O. ......!L...
0x00000020844ff2f0:   0000014c22887410 0000014c22887830   .t."L...0x."L...
0x00000020844ff300:   0000014c22887830 00007ffbb328ae00   0x."L.....(.....
0x00000020844ff310:   00000020844ff488 0000014c65930000   ..O. ......eL...
0x00000020844ff320:   00000020844ff5c0 0000000000008840   ..O. ...@.......
0x00000020844ff330:   00000020844ff7a0 00007ffbb328ae50   ..O. ...P.(.....
0x00000020844ff340:   0000000000989680 0000000000989680   ................
0x00000020844ff350:   00000020844ff460 00007ffbb312d561   `.O. ...a.......
0x00000020844ff360:   00007ffbb328ae00 00007ffbb328ae58   ..(.....X.(.....
0x00000020844ff370:   00007ffb00000000 0000014c00000001   ............L...

Instructions: (pc=0x00007ffbb3133004)
  0x00007ffbb3132f04:   cc cc cc cc cc cc cc cc cc cc cc cc cc cc cc cc
  0x00007ffbb3132f14:   cc cc cc cc cc cc cc cc cc cc cc cc cc cc cc cc
  0x00007ffbb3132f24:   cc cc cc cc cc cc cc cc cc cc cc cc cc cc cc cc
  0x00007ffbb3132f34:   cc cc cc cc cc cc cc cc cc cc cc cc cc cc cc cc
  0x00007ffbb3132f44:   cc cc cc cc cc cc cc cc cc cc cc cc cc cc cc cc
  0x00007ffbb3132f54:   cc cc cc cc cc cc cc cc cc cc cc cc cc cc cc cc
  0x00007ffbb3132f64:   cc cc cc cc cc cc cc cc cc cc cc cc cc cc cc cc
  0x00007ffbb3132f74:   cc cc cc cc cc cc cc cc cc cc cc cc cc cc cc cc
  0x00007ffbb3132f84:   cc cc cc cc cc cc cc cc cc cc cc cc 40 57 48 83
  0x00007ffbb3132f94:   ec 20 48 8b f9 48 8b 0d 30 80 15 00 48 85 c9 74
  0x00007ffbb3132fa4:   20 48 8b 01 48 8d 54 24 38 41 b8 06 00 01 00 4c
  0x00007ffbb3132fb4:   8b 48 30 41 ff d1 85 c0 75 07 48 8b 4c 24 38 eb
  0x00007ffbb3132fc4:   02 33 c9 4c 8b 05 0a 81 15 00 48 89 5c 24 30 4d
  0x00007ffbb3132fd4:   85 c0 74 4a 48 8b 01 48 8b d7 4c 8b 88 28 03 00
  0x00007ffbb3132fe4:   00 41 ff d1 48 85 c0 74 35 48 63 0d b8 3d 15 00
  0x00007ffbb3132ff4:   48 8b 14 01 48 85 d2 74 15 48 63 05 bc 3d 15 00
=>0x00007ffbb3133004:   8b 04 10 48 8b 5c 24 30 48 83 c4 20 5f c3 b8 ff
  0x00007ffbb3133014:   ff ff ff 48 8b 5c 24 30 48 83 c4 20 5f c3 80 3d
  0x00007ffbb3133024:   bb 7f 15 00 00 bb ff ff ff ff 74 20 4c 8b 0d 51
  0x00007ffbb3133034:   7c 15 00 4c 8d 44 24 38 48 8b 0d 35 7c 15 00 48
  0x00007ffbb3133044:   8b d7 41 ff d1 85 c0 0f 44 5c 24 38 8b c3 48 8b
  0x00007ffbb3133054:   5c 24 30 48 83 c4 20 5f c3 cc cc cc cc cc cc cc
  0x00007ffbb3133064:   cc cc cc cc cc cc cc cc cc cc cc cc cc cc cc cc
  0x00007ffbb3133074:   cc cc cc cc cc cc cc cc cc cc cc cc cc cc cc cc
  0x00007ffbb3133084:   cc cc cc cc cc cc cc cc cc cc cc cc 48 89 54 24
  0x00007ffbb3133094:   10 53 55 56 57 41 56 41 57 48 83 ec 28 48 8b f2
  0x00007ffbb31330a4:   4c 8b f1 48 89 4c 24 78 45 33 ff 44 89 7c 24 68
  0x00007ffbb31330b4:   c7 44 24 60 01 00 00 00 48 8d 4c 24 68 e8 69 3c
  0x00007ffbb31330c4:   f7 ff 8b d8 48 8d 4c 24 60 e8 5d 3c f7 ff 8b e8
  0x00007ffbb31330d4:   49 8b ce e8 33 f3 f6 ff 48 8b f8 90 8b c3 f0 0f
  0x00007ffbb31330e4:   b1 2f 74 04 f3 90 eb f4 4c 89 3e 4c 89 7e 08 4c
  0x00007ffbb31330f4:   89 7e 10 49 8b 6e 08 4d 8b 76 10 49 3b ee 0f 84


Stack slot to memory mapping:

stack at sp + 0 slots: 0x00000020844ff2f0 is pointing into the stack for thread: 0x0000014c2191f940
stack at sp + 1 slots: 0x0000014c2194abf8 points into unknown readable memory: 0x0000000269001ee8 | e8 1e 00 69 02 00 00 00
stack at sp + 2 slots: 0x0 is null
stack at sp + 3 slots: 0x0000014c21920090 points into unknown readable memory: 0x6e616c2e6176616a | 6a 61 76 61 2e 6c 61 6e
stack at sp + 4 slots: 0x0000000000000021 is an unknown value
stack at sp + 5 slots: 0x00007ffbb31334db libasyncProfiler.dll
stack at sp + 6 slots: 0x0 is null
stack at sp + 7 slots: 0x0000014c2191fd08 points into unknown readable memory: 0x00007ffb47cb17b0 | b0 17 cb 47 fb 7f 00 00

Lock stack of current Java thread (top to bottom):


---------------  P R O C E S S  ---------------

Threads class SMR info:
_java_thread_list=0x0000014c226cfe00, length=20, elements={
0x0000014c67e6e690, 0x0000014c2191b030, 0x0000014c2191b970, 0x0000014c2191c6f0,
0x0000014c2191f940, 0x0000014c21920690, 0x0000014c21922000, 0x0000014c2194e110,
0x0000014c21958b40, 0x0000014c21a56750, 0x0000014c21ae51c0, 0x0000014c221e07a0,
0x0000014c222148f0, 0x0000014c222cdcf0, 0x0000014c224ac3f0, 0x0000014c224b1b40,
0x0000014c229ce000, 0x0000014c6413b1b0, 0x0000014c6421e140, 0x0000014c6421f3a0
}

Java Threads: ( => current thread )
  0x0000014c67e6e690 JavaThread "main"                              [_thread_blocked, id=48132, stack(0x0000002083900000,0x0000002083a00000) (1024K)]
  0x0000014c2191b030 JavaThread "Reference Handler"          daemon [_thread_blocked, id=41400, stack(0x0000002084100000,0x0000002084200000) (1024K)]
  0x0000014c2191b970 JavaThread "Finalizer"                  daemon [_thread_blocked, id=3008, stack(0x0000002084200000,0x0000002084300000) (1024K)]
  0x0000014c2191c6f0 JavaThread "Signal Dispatcher"          daemon [_thread_blocked, id=49780, stack(0x0000002084300000,0x0000002084400000) (1024K)]
=>0x0000014c2191f940 JavaThread "Attach Listener"            daemon [_thread_in_native, id=41948, stack(0x0000002084400000,0x0000002084500000) (1024K)]
  0x0000014c21920690 JavaThread "Service Thread"             daemon [_thread_blocked, id=37144, stack(0x0000002084500000,0x0000002084600000) (1024K)]
  0x0000014c21922000 JavaThread "Monitor Deflation Thread"   daemon [_thread_blocked, id=14972, stack(0x0000002084600000,0x0000002084700000) (1024K)]
  0x0000014c2194e110 JavaThread "C2 CompilerThread0"         daemon [_thread_blocked, id=48184, stack(0x0000002084700000,0x0000002084800000) (1024K)]
  0x0000014c21958b40 JavaThread "C1 CompilerThread0"         daemon [_thread_blocked, id=39600, stack(0x0000002084800000,0x0000002084900000) (1024K)]
  0x0000014c21a56750 JavaThread "Common-Cleaner"             daemon [_thread_blocked, id=49156, stack(0x0000002084900000,0x0000002084a00000) (1024K)]
  0x0000014c21ae51c0 JavaThread "JDWP Transport Listener: dt_socket" daemon [_thread_blocked, id=39480, stack(0x0000002084e00000,0x0000002084f00000) (1024K)]
  0x0000014c221e07a0 JavaThread "JDWP Event Helper Thread"   daemon [_thread_blocked, id=13752, stack(0x0000002084f00000,0x0000002085000000) (1024K)]
  0x0000014c222148f0 JavaThread "JDWP Command Reader"        daemon [_thread_in_native, id=3244, stack(0x0000002085000000,0x0000002085100000) (1024K)]
  0x0000014c222cdcf0 JavaThread "Notification Thread"        daemon [_thread_blocked, id=43756, stack(0x0000002085100000,0x0000002085200000) (1024K)]
  0x0000014c224ac3f0 JavaThread "pool-1-thread-1"                   [_thread_in_native, id=18684, stack(0x0000002085200000,0x0000002085300000) (1024K)]
  0x0000014c224b1b40 JavaThread "pool-1-thread-2"                   [_thread_in_native, id=20504, stack(0x0000002085300000,0x0000002085400000) (1024K)]
  0x0000014c229ce000 JavaThread "pool-1-thread-3"                   [_thread_blocked, id=44164, stack(0x0000002085400000,0x0000002085500000) (1024K)]
  0x0000014c6413b1b0 JavaThread "pool-1-thread-4"                   [_thread_blocked, id=50060, stack(0x0000002085500000,0x0000002085600000) (1024K)]
  0x0000014c6421e140 JavaThread "Thread-0"                          [_thread_in_native, id=39296, stack(0x0000002085600000,0x0000002085700000) (1024K)]
  0x0000014c6421f3a0 JavaThread "Thread-1"                          [_thread_in_native, id=48960, stack(0x0000002085700000,0x0000002085800000) (1024K)]
Total: 20

Other Threads:
  0x0000014c21907c10 VMThread "VM Thread"                           [id=40488, stack(0x0000002084000000,0x0000002084100000) (1024K)]
  0x0000014c217ce2c0 WatcherThread "VM Periodic Task Thread"        [id=37492, stack(0x0000002083f00000,0x0000002084000000) (1024K)]
  0x0000014c67a64b30 WorkerThread "GC Thread#0"                     [id=43328, stack(0x0000002083a00000,0x0000002083b00000) (1024K)]
  0x0000014c67a74d90 ConcurrentGCThread "G1 Main Marker"            [id=6772, stack(0x0000002083b00000,0x0000002083c00000) (1024K)]
  0x0000014c67a758a0 WorkerThread "G1 Conc#0"                       [id=48592, stack(0x0000002083c00000,0x0000002083d00000) (1024K)]
  0x0000014c67acd810 ConcurrentGCThread "G1 Refine#0"               [id=8288, stack(0x0000002083d00000,0x0000002083e00000) (1024K)]
  0x0000014c67ace390 ConcurrentGCThread "G1 Service"                [id=44816, stack(0x0000002083e00000,0x0000002083f00000) (1024K)]
Total: 7

Threads with active compile tasks:
Total: 0

VM state: not at safepoint (normal execution)

VM Mutex/Monitor currently owned by a thread: None

Heap address: 0x000000020a000000, size: 24416 MB, Compressed Oops mode: Zero based, Oop shift amount: 3

CDS archive(s) mapped at: [0x0000014c23000000-0x0000014c23d40000-0x0000014c23d40000), size 13893632, SharedBaseAddress: 0x0000014c23000000, ArchiveRelocationMode: 1.
Compressed class space mapped at: 0x0000014c24000000-0x0000014c64000000, reserved size: 1073741824
UseCompressedClassPointers 1, UseCompactObjectHeaders 0
Narrow klass pointer bits 32, Max shift 3
Narrow klass base: 0x0000014c23000000, Narrow klass shift: 0
Encoding Range: [0x0000014c23000000 - 0x0000014d23000000), (4294967296 bytes)
Klass Range:    [0x0000014c23000000 - 0x0000014c64000000), (1090519040 bytes)
Klass ID Range:  [8 - 1090519033) (1090519025)

GC Precious Log:
 CardTable entry size: 512
 Card Set container configuration: InlinePtr #cards 3 size 8 Array Of Cards #cards 128 size 272 Howl #buckets 8 coarsen threshold 29491 Howl Bitmap #cards 4096 size 528 coarsen threshold 3686 Card regions per heap region 1 cards per card region 32768
 CPUs: 22 total, 22 available
 Memory: 97604M
 Large Page Support: Disabled
 NUMA Support: Disabled
 Compressed Oops: Enabled (Zero based)
 Heap Region Size: 16M
 Heap Min Capacity: 16M
 Heap Initial Capacity: 1536M
 Heap Max Capacity: 24416M
 Pre-touch: Disabled
 Parallel Workers: 16
 Concurrent Workers: 4
 Concurrent Refinement Workers: 16
 Periodic GC: Disabled

Heap:
 garbage-first heap   total reserved 25001984K, committed 1589248K, used 17520K [0x000000020a000000, 0x0000000800000000)
  region size 16384K, 2 young (32768K), 0 survivors (0K)
 Metaspace       used 4184K, committed 4352K, reserved 1114112K
  class space    used 312K, committed 384K, reserved 1048576K

Heap Regions: E=young(eden), S=young(survivor), O=old, HS=humongous(starts), HC=humongous(continues), CS=collection set, F=free, TAMS=top-at-mark-start, PB=parsable bottom
|   0|0x000000020a000000, 0x000000020a000000, 0x000000020b000000|  0%| F|  |TAMS 0x000000020a000000| PB 0x000000020a000000| Untracked |  0
|   1|0x000000020b000000, 0x000000020b000000, 0x000000020c000000|  0%| F|  |TAMS 0x000000020b000000| PB 0x000000020b000000| Untracked |  0
|   2|0x000000020c000000, 0x000000020c000000, 0x000000020d000000|  0%| F|  |TAMS 0x000000020c000000| PB 0x000000020c000000| Untracked |  0
|   3|0x000000020d000000, 0x000000020d000000, 0x000000020e000000|  0%| F|  |TAMS 0x000000020d000000| PB 0x000000020d000000| Untracked |  0
|   4|0x000000020e000000, 0x000000020e000000, 0x000000020f000000|  0%| F|  |TAMS 0x000000020e000000| PB 0x000000020e000000| Untracked |  0
|   5|0x000000020f000000, 0x000000020f000000, 0x0000000210000000|  0%| F|  |TAMS 0x000000020f000000| PB 0x000000020f000000| Untracked |  0
|   6|0x0000000210000000, 0x0000000210000000, 0x0000000211000000|  0%| F|  |TAMS 0x0000000210000000| PB 0x0000000210000000| Untracked |  0
|   7|0x0000000211000000, 0x0000000211000000, 0x0000000212000000|  0%| F|  |TAMS 0x0000000211000000| PB 0x0000000211000000| Untracked |  0
|   8|0x0000000212000000, 0x0000000212000000, 0x0000000213000000|  0%| F|  |TAMS 0x0000000212000000| PB 0x0000000212000000| Untracked |  0
|   9|0x0000000213000000, 0x0000000213000000, 0x0000000214000000|  0%| F|  |TAMS 0x0000000213000000| PB 0x0000000213000000| Untracked |  0
|  10|0x0000000214000000, 0x0000000214000000, 0x0000000215000000|  0%| F|  |TAMS 0x0000000214000000| PB 0x0000000214000000| Untracked |  0
|  11|0x0000000215000000, 0x0000000215000000, 0x0000000216000000|  0%| F|  |TAMS 0x0000000215000000| PB 0x0000000215000000| Untracked |  0
|  12|0x0000000216000000, 0x0000000216000000, 0x0000000217000000|  0%| F|  |TAMS 0x0000000216000000| PB 0x0000000216000000| Untracked |  0
|  13|0x0000000217000000, 0x0000000217000000, 0x0000000218000000|  0%| F|  |TAMS 0x0000000217000000| PB 0x0000000217000000| Untracked |  0
|  14|0x0000000218000000, 0x0000000218000000, 0x0000000219000000|  0%| F|  |TAMS 0x0000000218000000| PB 0x0000000218000000| Untracked |  0
|  15|0x0000000219000000, 0x0000000219000000, 0x000000021a000000|  0%| F|  |TAMS 0x0000000219000000| PB 0x0000000219000000| Untracked |  0
|  16|0x000000021a000000, 0x000000021a000000, 0x000000021b000000|  0%| F|  |TAMS 0x000000021a000000| PB 0x000000021a000000| Untracked |  0
|  17|0x000000021b000000, 0x000000021b000000, 0x000000021c000000|  0%| F|  |TAMS 0x000000021b000000| PB 0x000000021b000000| Untracked |  0
|  18|0x000000021c000000, 0x000000021c000000, 0x000000021d000000|  0%| F|  |TAMS 0x000000021c000000| PB 0x000000021c000000| Untracked |  0
|  19|0x000000021d000000, 0x000000021d000000, 0x000000021e000000|  0%| F|  |TAMS 0x000000021d000000| PB 0x000000021d000000| Untracked |  0
|  20|0x000000021e000000, 0x000000021e000000, 0x000000021f000000|  0%| F|  |TAMS 0x000000021e000000| PB 0x000000021e000000| Untracked |  0
|  21|0x000000021f000000, 0x000000021f000000, 0x0000000220000000|  0%| F|  |TAMS 0x000000021f000000| PB 0x000000021f000000| Untracked |  0
|  22|0x0000000220000000, 0x0000000220000000, 0x0000000221000000|  0%| F|  |TAMS 0x0000000220000000| PB 0x0000000220000000| Untracked |  0
|  23|0x0000000221000000, 0x0000000221000000, 0x0000000222000000|  0%| F|  |TAMS 0x0000000221000000| PB 0x0000000221000000| Untracked |  0
|  24|0x0000000222000000, 0x0000000222000000, 0x0000000223000000|  0%| F|  |TAMS 0x0000000222000000| PB 0x0000000222000000| Untracked |  0
|  25|0x0000000223000000, 0x0000000223000000, 0x0000000224000000|  0%| F|  |TAMS 0x0000000223000000| PB 0x0000000223000000| Untracked |  0
|  26|0x0000000224000000, 0x0000000224000000, 0x0000000225000000|  0%| F|  |TAMS 0x0000000224000000| PB 0x0000000224000000| Untracked |  0
|  27|0x0000000225000000, 0x0000000225000000, 0x0000000226000000|  0%| F|  |TAMS 0x0000000225000000| PB 0x0000000225000000| Untracked |  0
|  28|0x0000000226000000, 0x0000000226000000, 0x0000000227000000|  0%| F|  |TAMS 0x0000000226000000| PB 0x0000000226000000| Untracked |  0
|  29|0x0000000227000000, 0x0000000227000000, 0x0000000228000000|  0%| F|  |TAMS 0x0000000227000000| PB 0x0000000227000000| Untracked |  0
|  30|0x0000000228000000, 0x0000000228000000, 0x0000000229000000|  0%| F|  |TAMS 0x0000000228000000| PB 0x0000000228000000| Untracked |  0
|  31|0x0000000229000000, 0x0000000229000000, 0x000000022a000000|  0%| F|  |TAMS 0x0000000229000000| PB 0x0000000229000000| Untracked |  0
|  32|0x000000022a000000, 0x000000022a000000, 0x000000022b000000|  0%| F|  |TAMS 0x000000022a000000| PB 0x000000022a000000| Untracked |  0
|  33|0x000000022b000000, 0x000000022b000000, 0x000000022c000000|  0%| F|  |TAMS 0x000000022b000000| PB 0x000000022b000000| Untracked |  0
|  34|0x000000022c000000, 0x000000022c000000, 0x000000022d000000|  0%| F|  |TAMS 0x000000022c000000| PB 0x000000022c000000| Untracked |  0
|  35|0x000000022d000000, 0x000000022d000000, 0x000000022e000000|  0%| F|  |TAMS 0x000000022d000000| PB 0x000000022d000000| Untracked |  0
|  36|0x000000022e000000, 0x000000022e000000, 0x000000022f000000|  0%| F|  |TAMS 0x000000022e000000| PB 0x000000022e000000| Untracked |  0
|  37|0x000000022f000000, 0x000000022f000000, 0x0000000230000000|  0%| F|  |TAMS 0x000000022f000000| PB 0x000000022f000000| Untracked |  0
|  38|0x0000000230000000, 0x0000000230000000, 0x0000000231000000|  0%| F|  |TAMS 0x0000000230000000| PB 0x0000000230000000| Untracked |  0
|  39|0x0000000231000000, 0x0000000231000000, 0x0000000232000000|  0%| F|  |TAMS 0x0000000231000000| PB 0x0000000231000000| Untracked |  0
|  40|0x0000000232000000, 0x0000000232000000, 0x0000000233000000|  0%| F|  |TAMS 0x0000000232000000| PB 0x0000000232000000| Untracked |  0
|  41|0x0000000233000000, 0x0000000233000000, 0x0000000234000000|  0%| F|  |TAMS 0x0000000233000000| PB 0x0000000233000000| Untracked |  0
|  42|0x0000000234000000, 0x0000000234000000, 0x0000000235000000|  0%| F|  |TAMS 0x0000000234000000| PB 0x0000000234000000| Untracked |  0
|  43|0x0000000235000000, 0x0000000235000000, 0x0000000236000000|  0%| F|  |TAMS 0x0000000235000000| PB 0x0000000235000000| Untracked |  0
|  44|0x0000000236000000, 0x0000000236000000, 0x0000000237000000|  0%| F|  |TAMS 0x0000000236000000| PB 0x0000000236000000| Untracked |  0
|  45|0x0000000237000000, 0x0000000237000000, 0x0000000238000000|  0%| F|  |TAMS 0x0000000237000000| PB 0x0000000237000000| Untracked |  0
|  46|0x0000000238000000, 0x0000000238000000, 0x0000000239000000|  0%| F|  |TAMS 0x0000000238000000| PB 0x0000000238000000| Untracked |  0
|  47|0x0000000239000000, 0x0000000239000000, 0x000000023a000000|  0%| F|  |TAMS 0x0000000239000000| PB 0x0000000239000000| Untracked |  0
|  48|0x000000023a000000, 0x000000023a000000, 0x000000023b000000|  0%| F|  |TAMS 0x000000023a000000| PB 0x000000023a000000| Untracked |  0
|  49|0x000000023b000000, 0x000000023b000000, 0x000000023c000000|  0%| F|  |TAMS 0x000000023b000000| PB 0x000000023b000000| Untracked |  0
|  50|0x000000023c000000, 0x000000023c000000, 0x000000023d000000|  0%| F|  |TAMS 0x000000023c000000| PB 0x000000023c000000| Untracked |  0
|  51|0x000000023d000000, 0x000000023d000000, 0x000000023e000000|  0%| F|  |TAMS 0x000000023d000000| PB 0x000000023d000000| Untracked |  0
|  52|0x000000023e000000, 0x000000023e000000, 0x000000023f000000|  0%| F|  |TAMS 0x000000023e000000| PB 0x000000023e000000| Untracked |  0
|  53|0x000000023f000000, 0x000000023f000000, 0x0000000240000000|  0%| F|  |TAMS 0x000000023f000000| PB 0x000000023f000000| Untracked |  0
|  54|0x0000000240000000, 0x0000000240000000, 0x0000000241000000|  0%| F|  |TAMS 0x0000000240000000| PB 0x0000000240000000| Untracked |  0
|  55|0x0000000241000000, 0x0000000241000000, 0x0000000242000000|  0%| F|  |TAMS 0x0000000241000000| PB 0x0000000241000000| Untracked |  0
|  56|0x0000000242000000, 0x0000000242000000, 0x0000000243000000|  0%| F|  |TAMS 0x0000000242000000| PB 0x0000000242000000| Untracked |  0
|  57|0x0000000243000000, 0x0000000243000000, 0x0000000244000000|  0%| F|  |TAMS 0x0000000243000000| PB 0x0000000243000000| Untracked |  0
|  58|0x0000000244000000, 0x0000000244000000, 0x0000000245000000|  0%| F|  |TAMS 0x0000000244000000| PB 0x0000000244000000| Untracked |  0
|  59|0x0000000245000000, 0x0000000245000000, 0x0000000246000000|  0%| F|  |TAMS 0x0000000245000000| PB 0x0000000245000000| Untracked |  0
|  60|0x0000000246000000, 0x0000000246000000, 0x0000000247000000|  0%| F|  |TAMS 0x0000000246000000| PB 0x0000000246000000| Untracked |  0
|  61|0x0000000247000000, 0x0000000247000000, 0x0000000248000000|  0%| F|  |TAMS 0x0000000247000000| PB 0x0000000247000000| Untracked |  0
|  62|0x0000000248000000, 0x0000000248000000, 0x0000000249000000|  0%| F|  |TAMS 0x0000000248000000| PB 0x0000000248000000| Untracked |  0
|  63|0x0000000249000000, 0x0000000249000000, 0x000000024a000000|  0%| F|  |TAMS 0x0000000249000000| PB 0x0000000249000000| Untracked |  0
|  64|0x000000024a000000, 0x000000024a000000, 0x000000024b000000|  0%| F|  |TAMS 0x000000024a000000| PB 0x000000024a000000| Untracked |  0
|  65|0x000000024b000000, 0x000000024b000000, 0x000000024c000000|  0%| F|  |TAMS 0x000000024b000000| PB 0x000000024b000000| Untracked |  0
|  66|0x000000024c000000, 0x000000024c000000, 0x000000024d000000|  0%| F|  |TAMS 0x000000024c000000| PB 0x000000024c000000| Untracked |  0
|  67|0x000000024d000000, 0x000000024d000000, 0x000000024e000000|  0%| F|  |TAMS 0x000000024d000000| PB 0x000000024d000000| Untracked |  0
|  68|0x000000024e000000, 0x000000024e000000, 0x000000024f000000|  0%| F|  |TAMS 0x000000024e000000| PB 0x000000024e000000| Untracked |  0
|  69|0x000000024f000000, 0x000000024f000000, 0x0000000250000000|  0%| F|  |TAMS 0x000000024f000000| PB 0x000000024f000000| Untracked |  0
|  70|0x0000000250000000, 0x0000000250000000, 0x0000000251000000|  0%| F|  |TAMS 0x0000000250000000| PB 0x0000000250000000| Untracked |  0
|  71|0x0000000251000000, 0x0000000251000000, 0x0000000252000000|  0%| F|  |TAMS 0x0000000251000000| PB 0x0000000251000000| Untracked |  0
|  72|0x0000000252000000, 0x0000000252000000, 0x0000000253000000|  0%| F|  |TAMS 0x0000000252000000| PB 0x0000000252000000| Untracked |  0
|  73|0x0000000253000000, 0x0000000253000000, 0x0000000254000000|  0%| F|  |TAMS 0x0000000253000000| PB 0x0000000253000000| Untracked |  0
|  74|0x0000000254000000, 0x0000000254000000, 0x0000000255000000|  0%| F|  |TAMS 0x0000000254000000| PB 0x0000000254000000| Untracked |  0
|  75|0x0000000255000000, 0x0000000255000000, 0x0000000256000000|  0%| F|  |TAMS 0x0000000255000000| PB 0x0000000255000000| Untracked |  0
|  76|0x0000000256000000, 0x0000000256000000, 0x0000000257000000|  0%| F|  |TAMS 0x0000000256000000| PB 0x0000000256000000| Untracked |  0
|  77|0x0000000257000000, 0x0000000257000000, 0x0000000258000000|  0%| F|  |TAMS 0x0000000257000000| PB 0x0000000257000000| Untracked |  0
|  78|0x0000000258000000, 0x0000000258000000, 0x0000000259000000|  0%| F|  |TAMS 0x0000000258000000| PB 0x0000000258000000| Untracked |  0
|  79|0x0000000259000000, 0x0000000259000000, 0x000000025a000000|  0%| F|  |TAMS 0x0000000259000000| PB 0x0000000259000000| Untracked |  0
|  80|0x000000025a000000, 0x000000025a000000, 0x000000025b000000|  0%| F|  |TAMS 0x000000025a000000| PB 0x000000025a000000| Untracked |  0
|  81|0x000000025b000000, 0x000000025b000000, 0x000000025c000000|  0%| F|  |TAMS 0x000000025b000000| PB 0x000000025b000000| Untracked |  0
|  82|0x000000025c000000, 0x000000025c000000, 0x000000025d000000|  0%| F|  |TAMS 0x000000025c000000| PB 0x000000025c000000| Untracked |  0
|  83|0x000000025d000000, 0x000000025d000000, 0x000000025e000000|  0%| F|  |TAMS 0x000000025d000000| PB 0x000000025d000000| Untracked |  0
|  84|0x000000025e000000, 0x000000025e000000, 0x000000025f000000|  0%| F|  |TAMS 0x000000025e000000| PB 0x000000025e000000| Untracked |  0
|  85|0x000000025f000000, 0x000000025f000000, 0x0000000260000000|  0%| F|  |TAMS 0x000000025f000000| PB 0x000000025f000000| Untracked |  0
|  86|0x0000000260000000, 0x0000000260000000, 0x0000000261000000|  0%| F|  |TAMS 0x0000000260000000| PB 0x0000000260000000| Untracked |  0
|  87|0x0000000261000000, 0x0000000261000000, 0x0000000262000000|  0%| F|  |TAMS 0x0000000261000000| PB 0x0000000261000000| Untracked |  0
|  88|0x0000000262000000, 0x0000000262000000, 0x0000000263000000|  0%| F|  |TAMS 0x0000000262000000| PB 0x0000000262000000| Untracked |  0
|  89|0x0000000263000000, 0x0000000263000000, 0x0000000264000000|  0%| F|  |TAMS 0x0000000263000000| PB 0x0000000263000000| Untracked |  0
|  90|0x0000000264000000, 0x0000000264000000, 0x0000000265000000|  0%| F|  |TAMS 0x0000000264000000| PB 0x0000000264000000| Untracked |  0
|  91|0x0000000265000000, 0x0000000265000000, 0x0000000266000000|  0%| F|  |TAMS 0x0000000265000000| PB 0x0000000265000000| Untracked |  0
|  92|0x0000000266000000, 0x0000000266000000, 0x0000000267000000|  0%| F|  |TAMS 0x0000000266000000| PB 0x0000000266000000| Untracked |  0
|  93|0x0000000267000000, 0x0000000267000000, 0x0000000268000000|  0%| F|  |TAMS 0x0000000267000000| PB 0x0000000267000000| Untracked |  0
|  94|0x0000000268000000, 0x0000000269000000, 0x0000000269000000|100%| E|  |TAMS 0x0000000268000000| PB 0x0000000268000000| Complete |  0
|  95|0x0000000269000000, 0x000000026a000000, 0x000000026a000000|100%| E|CS|TAMS 0x0000000269000000| PB 0x0000000269000000| Complete |  0
|1525|0x00000007ff000000, 0x00000007ff11c348, 0x0000000800000000|  6%| O|  |TAMS 0x00000007ff000000| PB 0x00000007ff000000| Untracked |  0

Card table byte_map: [0x0000014c03eb0000,0x0000014c06e60000] _byte_map_base: 0x0000014c02e60000

Marking Bits: (CMBitMap*) 0x0000014c67a65240
 Bits: [0x0000014c06e60000, 0x0000014c1ebe0000)

Polling page: 0x0000014c658b0000

Metaspace:

Usage:
  Non-class:      3.78 MB used.
      Class:    312.02 KB used.
       Both:      4.09 MB used.

Virtual space:
  Non-class space:       64.00 MB reserved,       3.88 MB (  6%) committed,  1 nodes.
      Class space:        1.00 GB reserved,     384.00 KB ( <1%) committed,  1 nodes.
             Both:        1.06 GB reserved,       4.25 MB ( <1%) committed. 

Chunk freelists:
   Non-Class:  11.86 MB
       Class:  15.57 MB
        Both:  27.43 MB

MaxMetaspaceSize: unlimited
CompressedClassSpaceSize: 1.00 GB
Initial GC threshold: 21.00 MB
Current GC threshold: 21.00 MB
CDS: on
 - commit_granule_bytes: 65536.
 - commit_granule_words: 8192.
 - virtual_space_node_default_size: 8388608.
 - enlarge_chunks_in_place: 1.
UseCompressedClassPointers 1, UseCompactObjectHeaders 0
Narrow klass pointer bits 32, Max shift 3
Narrow klass base: 0x0000014c23000000, Narrow klass shift: 0
Encoding Range: [0x0000014c23000000 - 0x0000014d23000000), (4294967296 bytes)
Klass Range:    [0x0000014c23000000 - 0x0000014c64000000), (1090519040 bytes)
Klass ID Range:  [8 - 1090519033) (1090519025)


Internal statistics:

num_allocs_failed_limit: 0.
num_arena_births: 86.
num_arena_deaths: 0.
num_vsnodes_births: 2.
num_vsnodes_deaths: 0.
num_space_committed: 68.
num_space_uncommitted: 0.
num_chunks_returned_to_freelist: 0.
num_chunks_taken_from_freelist: 128.
num_chunk_merges: 0.
num_chunk_splits: 70.
num_chunks_enlarged: 18.
num_inconsistent_stats: 0.

CodeHeap 'non-profiled nmethods': size=119232Kb used=163Kb max_used=163Kb free=119068Kb
 bounds [0x0000014c789e0000, 0x0000014c78c50000, 0x0000014c7fe50000]
CodeHeap 'profiled nmethods': size=119104Kb used=798Kb max_used=798Kb free=118305Kb
 bounds [0x0000014c70e50000, 0x0000014c710c0000, 0x0000014c782a0000]
CodeHeap 'non-nmethods': size=7424Kb used=1355Kb max_used=3068Kb free=6068Kb
 bounds [0x0000014c782a0000, 0x0000014c785b0000, 0x0000014c789e0000]
CodeCache: size=245760Kb, used=2316Kb, max_used=4029Kb, free=243441Kb
 total_blobs=1095, nmethods=632, adapters=369, full_count=0
Compilation: enabled, stopped_count=0, restarted_count=0

Compilation events (20 events):
Event: 51.998 Thread 0x0000014c21958b40  625       3       java.lang.ThreadLocal::get (35 bytes)
Event: 51.999 Thread 0x0000014c21958b40 nmethod 625 0x0000014c70f15308 code [0x0000014c70f15440, 0x0000014c70f15778]
Event: 52.015 Thread 0x0000014c21958b40  626       3       java.nio.CharBuffer::arrayOffset (35 bytes)
Event: 52.015 Thread 0x0000014c21958b40 nmethod 626 0x0000014c70f15808 code [0x0000014c70f15960, 0x0000014c70f15bf0]
Event: 52.015 Thread 0x0000014c21958b40  627       3       java.lang.StringConcatHelper::stringOf (20 bytes)
Event: 52.015 Thread 0x0000014c21958b40 nmethod 627 0x0000014c70f15c08 code [0x0000014c70f15d20, 0x0000014c70f15f50]
Event: 52.015 Thread 0x0000014c21958b40  628       3       java.util.ImmutableCollections$MapN::get (35 bytes)
Event: 52.016 Thread 0x0000014c21958b40 nmethod 628 0x0000014c70f15f88 code [0x0000014c70f160e0, 0x0000014c70f16488]
Event: 52.016 Thread 0x0000014c21958b40  630       3       java.nio.charset.CoderResult::isUnderflow (13 bytes)
Event: 52.016 Thread 0x0000014c21958b40 nmethod 630 0x0000014c70f16508 code [0x0000014c70f16620, 0x0000014c70f16778]
Event: 52.016 Thread 0x0000014c21958b40  629       3       java.nio.Buffer::limit (65 bytes)
Event: 52.016 Thread 0x0000014c21958b40 nmethod 629 0x0000014c70f16808 code [0x0000014c70f16940, 0x0000014c70f16be0]
Event: 52.017 Thread 0x0000014c21958b40  632       3       java.nio.CharBuffer::position (6 bytes)
Event: 52.017 Thread 0x0000014c21958b40 nmethod 632 0x0000014c70f16c08 code [0x0000014c70f16d20, 0x0000014c70f16f50]
Event: 52.017 Thread 0x0000014c21958b40  631       3       java.nio.CharBuffer::position (8 bytes)
Event: 52.017 Thread 0x0000014c21958b40 nmethod 631 0x0000014c70f16f88 code [0x0000014c70f170a0, 0x0000014c70f171f8]
Event: 52.017 Thread 0x0000014c21958b40  633       3       java.io.BufferedWriter::ensureOpen (18 bytes)
Event: 52.017 Thread 0x0000014c21958b40 nmethod 633 0x0000014c70f17288 code [0x0000014c70f173c0, 0x0000014c70f175d8]
Event: 52.017 Thread 0x0000014c21958b40  634       3       java.nio.ByteBuffer::array (35 bytes)
Event: 52.017 Thread 0x0000014c21958b40 nmethod 634 0x0000014c70f17608 code [0x0000014c70f17760, 0x0000014c70f179e8]

GC Heap History (0 events):
No events

Dll operation events (10 events):
Event: 0.008 Loaded shared library C:\Users\mraysmit\.jdks\openjdk-24\bin\java.dll
Event: 0.009 Loaded shared library C:\Users\mraysmit\.jdks\openjdk-24\bin\zip.dll
Event: 0.032 Loaded shared library C:\Users\mraysmit\.jdks\openjdk-24\bin\jsvml.dll
Event: 0.066 Loaded shared library C:\Users\mraysmit\.jdks\openjdk-24\bin\instrument.dll
Event: 0.105 Loaded shared library C:\Users\mraysmit\.jdks\openjdk-24\bin\net.dll
Event: 0.105 Loaded shared library C:\Users\mraysmit\.jdks\openjdk-24\bin\nio.dll
Event: 0.124 Loaded shared library C:\Users\mraysmit\.jdks\openjdk-24\bin\jimage.dll
Event: 0.151 Loaded shared library C:\Users\mraysmit\.jdks\openjdk-24\bin\extnet.dll
Event: 0.278 Loaded shared library C:\Users\mraysmit\.jdks\openjdk-24\bin\zip.dll
Event: 52.026 Loaded shared library C:\Users\mraysmit\AppData\Local\Temp\idea_libasyncProfiler_dll_temp_folder9\libasyncProfiler.dll

Deoptimization events (8 events):
Event: 0.076 Thread 0x0000014c67e6e690 Uncommon trap: trap_request=0xffffff4d fr.pc=0x0000014c789ea9d4 relative=0x00000000000000b4
Event: 0.076 Thread 0x0000014c67e6e690 Uncommon trap: reason=unstable_if action=reinterpret pc=0x0000014c789ea9d4 method=java.lang.String.hashCode()I @ 42 c2
Event: 0.076 Thread 0x0000014c67e6e690 DEOPT PACKING pc=0x0000014c789ea9d4 sp=0x00000020839fcb30
Event: 0.076 Thread 0x0000014c67e6e690 DEOPT UNPACKING pc=0x0000014c783c8882 sp=0x00000020839fcac8 mode 2
Event: 0.087 Thread 0x0000014c67e6e690 Uncommon trap: trap_request=0xffffff4d fr.pc=0x0000014c789f4e14 relative=0x00000000000004d4
Event: 0.087 Thread 0x0000014c67e6e690 Uncommon trap: reason=unstable_if action=reinterpret pc=0x0000014c789f4e14 method=java.lang.StringLatin1.replace([BCC)Ljava/lang/String; @ 19 c2
Event: 0.087 Thread 0x0000014c67e6e690 DEOPT PACKING pc=0x0000014c789f4e14 sp=0x00000020839ff1d0
Event: 0.087 Thread 0x0000014c67e6e690 DEOPT UNPACKING pc=0x0000014c783c8882 sp=0x00000020839ff150 mode 2

Classes loaded (20 events):
Event: 0.174 Loading class java/util/IdentityHashMap$KeyIterator
Event: 0.174 Loading class java/util/IdentityHashMap$KeyIterator done
Event: 0.175 Loading class dev/mars/p2pjava/TrackerHandler
Event: 0.175 Loading class dev/mars/p2pjava/TrackerHandler done
Event: 0.177 Loading class sun/net/ConnectionResetException
Event: 0.276 Loading class com/intellij/rt/debugger/BatchEvaluatorServer
Event: 0.276 Loading class com/intellij/rt/debugger/BatchEvaluatorServer done
Event: 0.276 Loading class jdk/internal/loader/URLClassPath$JarLoader$1
Event: 0.277 Loading class jdk/internal/loader/URLClassPath$JarLoader$1 done
Event: 0.277 Loading class java/util/zip/CRC32
Event: 0.277 Loading class java/util/zip/CRC32 done
Event: 51.998 Loading class kotlinx/coroutines/debug/internal/DebugProbesImpl
Event: 51.998 Loading class kotlinx/coroutines/debug/internal/DebugProbesImpl done
Event: 52.015 Loading class java/net/SocketException
Event: 52.015 Loading class java/net/SocketException done
Event: 52.015 Loading class sun/net/ConnectionResetException done
Event: 52.015 Loading class java/lang/StackTraceElement$HashedModules
Event: 52.015 Loading class java/lang/StackTraceElement$HashedModules done
Event: 52.016 Loading class com/intellij/rt/debugger/agent/CaptureStorage$8
Event: 52.016 Loading class com/intellij/rt/debugger/agent/CaptureStorage$8 done

Classes unloaded (0 events):
No events

Classes redefined (1 events):
Event: 0.083 Thread 0x0000014c21907c10 redefined class name=java.lang.Throwable, count=1

Internal exceptions (13 events):
Event: 0.066 Thread 0x0000014c67e6e690 Exception <a 'java/lang/NoSuchMethodError'{0x00000002691356a0}: 'void java.lang.invoke.DirectMethodHandle$Holder.invokeStatic(java.lang.Object, java.lang.Object, java.lang.Object)'> (0x00000002691356a0) 
thrown [s\open\src\hotspot\share\interpreter\linkResolver.cpp, line 805]
Event: 0.070 Thread 0x0000014c67e6e690 Exception <a 'java/lang/NoSuchMethodError'{0x00000002696890d0}: 'java.lang.Object java.lang.invoke.Invokers$Holder.invokeExact_MT(java.lang.Object, java.lang.Object, java.lang.Object, java.lang.Object, java.lang.Object)'> (0x00000002696890d0) 
thrown [s\open\src\hotspot\share\interpreter\linkResolver.cpp, line 805]
Event: 0.107 Thread 0x0000014c67e6e690 Exception <a 'sun/nio/fs/WindowsException'{0x00000002697bdc40}> (0x00000002697bdc40) 
thrown [s\open\src\hotspot\share\prims\jni.cpp, line 518]
Event: 0.108 Thread 0x0000014c67e6e690 Exception <a 'sun/nio/fs/WindowsException'{0x00000002697cb618}> (0x00000002697cb618) 
thrown [s\open\src\hotspot\share\prims\jni.cpp, line 518]
Event: 0.150 Thread 0x0000014c224b1b40 Exception <a 'java/lang/NoSuchMethodError'{0x0000000269b2ba50}: 'java.lang.Object java.lang.invoke.DirectMethodHandle$Holder.invokeStaticInit(java.lang.Object)'> (0x0000000269b2ba50) 
thrown [s\open\src\hotspot\share\interpreter\linkResolver.cpp, line 805]
Event: 0.152 Thread 0x0000014c224b1b40 Exception <a 'java/lang/NoSuchMethodError'{0x0000000269b38430}: 'void java.lang.invoke.DirectMethodHandle$Holder.invokeStatic(java.lang.Object, java.lang.Object)'> (0x0000000269b38430) 
thrown [s\open\src\hotspot\share\interpreter\linkResolver.cpp, line 805]
Event: 0.152 Thread 0x0000014c224ac3f0 Exception <a 'java/lang/NoSuchMethodError'{0x000000026991f678}: 'void java.lang.invoke.DirectMethodHandle$Holder.invokeStatic(java.lang.Object, java.lang.Object)'> (0x000000026991f678) 
thrown [s\open\src\hotspot\share\interpreter\linkResolver.cpp, line 805]
Event: 0.171 Thread 0x0000014c6421e140 Exception <a 'java/lang/NoSuchMethodError'{0x0000000268042878}: 'java.lang.Object java.lang.invoke.DirectMethodHandle$Holder.invokeSpecial(java.lang.Object, java.lang.Object, java.lang.Object, java.lang.Object, java.lang.Object, int)'> (0x0000000268042878) 
thrown [s\open\src\hotspot\share\interpreter\linkResolver.cpp, line 805]
Event: 0.171 Thread 0x0000014c6421f3a0 Exception <a 'java/lang/NoSuchMethodError'{0x000000026818e608}: 'java.lang.Object java.lang.invoke.DirectMethodHandle$Holder.invokeSpecial(java.lang.Object, java.lang.Object, java.lang.Object, java.lang.Object, java.lang.Object, int)'> (0x000000026818e608) 
thrown [s\open\src\hotspot\share\interpreter\linkResolver.cpp, line 805]
Event: 0.171 Thread 0x0000014c6421e140 Exception <a 'java/lang/NoSuchMethodError'{0x0000000268052b50}: 'java.lang.Object java.lang.invoke.Invokers$Holder.linkToTargetMethod(java.lang.Object, java.lang.Object, int, java.lang.Object)'> (0x0000000268052b50) 
thrown [s\open\src\hotspot\share\interpreter\linkResolver.cpp, line 805]
Event: 0.171 Thread 0x0000014c6421f3a0 Exception <a 'java/lang/NoSuchMethodError'{0x000000026819e2d0}: 'java.lang.Object java.lang.invoke.Invokers$Holder.linkToTargetMethod(java.lang.Object, java.lang.Object, int, java.lang.Object)'> (0x000000026819e2d0) 
thrown [s\open\src\hotspot\share\interpreter\linkResolver.cpp, line 805]
Event: 0.177 Thread 0x0000014c64226740 Exception <a 'java/io/IOException'{0x0000000268b8fda0}> (0x0000000268b8fda0) 
thrown [s\open\src\hotspot\share\prims\jni.cpp, line 518]
Event: 0.177 Thread 0x0000014c64224a00 Exception <a 'java/io/IOException'{0x0000000268a48298}> (0x0000000268a48298) 
thrown [s\open\src\hotspot\share\prims\jni.cpp, line 518]

VM Operations (20 events):
Event: 0.180 Executing VM operation: get/set locals
Event: 0.180 Executing VM operation: get/set locals done
Event: 3.736 Executing VM operation: ChangeBreakpoints
Event: 3.736 Executing VM operation: ChangeBreakpoints done
Event: 44.893 Executing VM operation: ChangeBreakpoints
Event: 44.893 Executing VM operation: ChangeBreakpoints done
Event: 45.839 Executing VM operation: ChangeBreakpoints
Event: 45.839 Executing VM operation: ChangeBreakpoints done
Event: 52.026 Executing VM operation: get/set locals
Event: 52.026 Executing VM operation: get/set locals done
Event: 52.026 Executing VM operation: get/set locals
Event: 52.026 Executing VM operation: get/set locals done
Event: 52.026 Executing VM operation: get/set locals
Event: 52.026 Executing VM operation: get/set locals done
Event: 52.026 Executing VM operation: get/set locals
Event: 52.026 Executing VM operation: get/set locals done
Event: 52.026 Executing VM operation: get/set locals
Event: 52.026 Executing VM operation: get/set locals done
Event: 52.026 Executing VM operation: get/set locals
Event: 52.026 Executing VM operation: get/set locals done

Memory protections (0 events):
No events

Nmethod flushes (0 events):
No events

Events (20 events):
Event: 0.175 Thread 0x0000014c642258a0 Thread exited: 0x0000014c642258a0
Event: 0.175 Thread 0x0000014c64226e90 Thread exited: 0x0000014c64226e90
Event: 0.176 Thread 0x0000014c224ac3f0 Thread added: 0x0000014c64225ff0
Event: 0.176 Thread 0x0000014c224ac3f0 Thread added: 0x0000014c64226e90
Event: 0.176 Thread 0x0000014c224ac3f0 Thread added: 0x0000014c64224a00
Event: 0.176 Thread 0x0000014c224ac3f0 Thread added: 0x0000014c64226740
Event: 0.176 Thread 0x0000014c224ac3f0 Thread added: 0x0000014c642258a0
Event: 0.176 Thread 0x0000014c224ac3f0 Thread added: 0x0000014c642275e0
Event: 0.177 Thread 0x0000014c64225ff0 Thread exited: 0x0000014c64225ff0
Event: 0.177 Thread 0x0000014c64226e90 Thread exited: 0x0000014c64226e90
Event: 5.177 Thread 0x0000014c21a5fcf0 Thread exited: 0x0000014c21a5fcf0
Event: 5.177 Thread 0x0000014c21a5e640 Thread exited: 0x0000014c21a5e640
Event: 10.177 Thread 0x0000014c21a5d720 Thread exited: 0x0000014c21a5d720
Event: 10.177 Thread 0x0000014c21a5f560 Thread exited: 0x0000014c21a5f560
Event: 52.015 Thread 0x0000014c642258a0 Thread exited: 0x0000014c642258a0
Event: 52.015 Thread 0x0000014c642275e0 Thread exited: 0x0000014c642275e0
Event: 52.016 Thread 0x0000014c224b1b40 Thread added: 0x0000014c642258a0
Event: 52.017 Thread 0x0000014c64224a00 Thread exited: 0x0000014c64224a00
Event: 52.017 Thread 0x0000014c642258a0 Thread exited: 0x0000014c642258a0
Event: 52.017 Thread 0x0000014c64226740 Thread exited: 0x0000014c64226740


Dynamic libraries:
0x00007ff77bde0000 - 0x00007ff77bdee000 	C:\Users\mraysmit\.jdks\openjdk-24\bin\java.exe
0x00007ffc03bf0000 - 0x00007ffc03de8000 	C:\Windows\SYSTEM32\ntdll.dll
0x00007ffc02010000 - 0x00007ffc020d2000 	C:\Windows\System32\KERNEL32.DLL
0x00007ffc014e0000 - 0x00007ffc017df000 	C:\Windows\System32\KERNELBASE.dll
0x00007ffc019c0000 - 0x00007ffc01ac0000 	C:\Windows\System32\ucrtbase.dll
0x00007ffbdeeb0000 - 0x00007ffbdeec6000 	C:\Users\mraysmit\.jdks\openjdk-24\bin\jli.dll
0x00007ffbdc660000 - 0x00007ffbdc67b000 	C:\Users\mraysmit\.jdks\openjdk-24\bin\VCRUNTIME140.dll
0x00007ffc02f00000 - 0x00007ffc0309d000 	C:\Windows\System32\USER32.dll
0x00007ffc017e0000 - 0x00007ffc01802000 	C:\Windows\System32\win32u.dll
0x00007ffbe0c60000 - 0x00007ffbe0efa000 	C:\Windows\WinSxS\amd64_microsoft.windows.common-controls_6595b64144ccf1df_6.0.19041.4355_none_60b8b9eb71f62e16\COMCTL32.dll
0x00007ffc03730000 - 0x00007ffc0375b000 	C:\Windows\System32\GDI32.dll
0x00007ffc01af0000 - 0x00007ffc01c0a000 	C:\Windows\System32\gdi32full.dll
0x00007ffc02e50000 - 0x00007ffc02eee000 	C:\Windows\System32\msvcrt.dll
0x00007ffc01440000 - 0x00007ffc014dd000 	C:\Windows\System32\msvcp_win.dll
0x00007ffc01e70000 - 0x00007ffc01e9f000 	C:\Windows\System32\IMM32.DLL
0x00007ffbdece0000 - 0x00007ffbdecec000 	C:\Users\mraysmit\.jdks\openjdk-24\bin\vcruntime140_1.dll
0x00007ffbb32b0000 - 0x00007ffbb333e000 	C:\Users\mraysmit\.jdks\openjdk-24\bin\msvcp140.dll
0x00007ffb47080000 - 0x00007ffb47e22000 	C:\Users\mraysmit\.jdks\openjdk-24\bin\server\jvm.dll
0x00007ffc01ea0000 - 0x00007ffc01f4f000 	C:\Windows\System32\ADVAPI32.dll
0x00007ffc030b0000 - 0x00007ffc0314f000 	C:\Windows\System32\sechost.dll
0x00007ffc03150000 - 0x00007ffc03273000 	C:\Windows\System32\RPCRT4.dll
0x00007ffc01ac0000 - 0x00007ffc01ae7000 	C:\Windows\System32\bcrypt.dll
0x00007ffc020e0000 - 0x00007ffc0214b000 	C:\Windows\System32\WS2_32.dll
0x00007ffbfab70000 - 0x00007ffbfab7a000 	C:\Windows\SYSTEM32\VERSION.dll
0x00007ffc007e0000 - 0x00007ffc0082b000 	C:\Windows\SYSTEM32\POWRPROF.dll
0x00007ffbec6d0000 - 0x00007ffbec6f7000 	C:\Windows\SYSTEM32\WINMM.dll
0x00007ffc00650000 - 0x00007ffc00662000 	C:\Windows\SYSTEM32\UMPDC.dll
0x00007ffbffa70000 - 0x00007ffbffa82000 	C:\Windows\SYSTEM32\kernel.appcore.dll
0x00007ffbdea30000 - 0x00007ffbdea3a000 	C:\Users\mraysmit\.jdks\openjdk-24\bin\jimage.dll
0x00007ffbff730000 - 0x00007ffbff914000 	C:\Windows\SYSTEM32\DBGHELP.DLL
0x00007ffbda0c0000 - 0x00007ffbda0f4000 	C:\Windows\SYSTEM32\dbgcore.DLL
0x00007ffc013b0000 - 0x00007ffc01432000 	C:\Windows\System32\bcryptPrimitives.dll
0x00007ffbe8090000 - 0x00007ffbe80cc000 	C:\Users\mraysmit\.jdks\openjdk-24\bin\jdwp.dll
0x00007ffbb30a0000 - 0x00007ffbb32ae000 	C:\Users\mraysmit\AppData\Local\Temp\idea_libasyncProfiler_dll_temp_folder9\libasyncProfiler.dll
0x00007ffbf6350000 - 0x00007ffbf635f000 	C:\Users\mraysmit\.jdks\openjdk-24\bin\instrument.dll
0x00007ffbd8880000 - 0x00007ffbd889e000 	C:\Users\mraysmit\.jdks\openjdk-24\bin\java.dll
0x00007ffc039a0000 - 0x00007ffc03acb000 	C:\Windows\System32\ole32.dll
0x00007ffc02af0000 - 0x00007ffc02e45000 	C:\Windows\System32\combase.dll
0x00007ffc022d0000 - 0x00007ffc02a3d000 	C:\Windows\System32\SHELL32.dll
0x00007ffbcd7d0000 - 0x00007ffbcd7e7000 	C:\Users\mraysmit\.jdks\openjdk-24\bin\zip.dll
0x00007ffbfeec0000 - 0x00007ffbff664000 	C:\Windows\SYSTEM32\windows.storage.dll
0x00007ffc00be0000 - 0x00007ffc00c0b000 	C:\Windows\SYSTEM32\Wldp.dll
0x00007ffc038d0000 - 0x00007ffc0399d000 	C:\Windows\System32\OLEAUT32.dll
0x00007ffc02a40000 - 0x00007ffc02aed000 	C:\Windows\System32\SHCORE.dll
0x00007ffc03ad0000 - 0x00007ffc03b25000 	C:\Windows\System32\shlwapi.dll
0x00007ffc011c0000 - 0x00007ffc011e5000 	C:\Windows\SYSTEM32\profapi.dll
0x00007ffba5fd0000 - 0x00007ffba60a7000 	C:\Users\mraysmit\.jdks\openjdk-24\bin\jsvml.dll
0x00007ffbf6340000 - 0x00007ffbf634c000 	C:\Users\mraysmit\.jdks\openjdk-24\bin\dt_socket.dll
0x00007ffc00670000 - 0x00007ffc006ab000 	C:\Windows\SYSTEM32\IPHLPAPI.DLL
0x00007ffc009c0000 - 0x00007ffc00a2c000 	C:\Windows\system32\mswsock.dll
0x00007ffbde560000 - 0x00007ffbde570000 	C:\Users\mraysmit\.jdks\openjdk-24\bin\net.dll
0x00007ffbcd810000 - 0x00007ffbcd826000 	C:\Users\mraysmit\.jdks\openjdk-24\bin\nio.dll
0x00007ffc00700000 - 0x00007ffc007ca000 	C:\Windows\SYSTEM32\DNSAPI.dll
0x00007ffc032a0000 - 0x00007ffc032a8000 	C:\Windows\System32\NSI.dll
0x00007ffbfaf60000 - 0x00007ffbfaf6a000 	C:\Windows\System32\rasadhlp.dll
0x00007ffbfa3b0000 - 0x00007ffbfa430000 	C:\Windows\System32\fwpuclnt.dll
0x00007ffbde4c0000 - 0x00007ffbde4c9000 	C:\Users\mraysmit\.jdks\openjdk-24\bin\extnet.dll

dbghelp: loaded successfully - version: 4.0.5 - missing functions: none
symbol engine: initialized successfully - sym options: 0x614 - pdb path: .;C:\Users\mraysmit\.jdks\openjdk-24\bin;C:\Windows\SYSTEM32;C:\Windows\WinSxS\amd64_microsoft.windows.common-controls_6595b64144ccf1df_6.0.19041.4355_none_60b8b9eb71f62e16;C:\Users\mraysmit\.jdks\openjdk-24\bin\server;C:\Users\mraysmit\AppData\Local\Temp\idea_libasyncProfiler_dll_temp_folder9

VM Arguments:
jvm_args: -agentlib:jdwp=transport=dt_socket,address=127.0.0.1:52863,suspend=y,server=n -agentpath:C:\Users\mraysmit\AppData\Local\Temp\idea_libasyncProfiler_dll_temp_folder9\libasyncProfiler.dll=version,jfr,event=wall,interval=10ms,cstack=no,file=C:\Users\mraysmit\IdeaSnapshots\P2PTestHarness_2025_03_29_213351.jfr,dbghelppath=C:\Users\mraysmit\AppData\Local\Temp\idea_dbghelp_dll_temp_folder1\dbghelp.dll,log=C:\Users\mraysmit\AppData\Local\Temp\P2PTestHarness_2025_03_29_213351.jfr.log.txt,logLevel=DEBUG -javaagent:C:\Users\mraysmit\AppData\Local\JetBrains\IntelliJIdea2024.3\captureAgent\debugger-agent.jar -Dkotlinx.coroutines.debug.enable.creation.stack.trace=false -Ddebugger.agent.enable.coroutines=true -Dkotlinx.coroutines.debug.enable.flows.stack.trace=true -Dkotlinx.coroutines.debug.enable.mutable.state.flows.stack.trace=true -Dfile.encoding=UTF-8 -Dsun.stdout.encoding=UTF-8 -Dsun.stderr.encoding=UTF-8 
java_command: dev.mars.p2pjava.P2PTestHarness
java_class_path (initial): C:\Users\mraysmit\dev\idea-projects\p2p-java\p2p-client\target\classes;C:\Users\mraysmit\dev\idea-projects\p2p-java\p2p-tracker\target\classes;C:\Users\mraysmit\dev\idea-projects\p2p-java\p2p-indexserver\target\classes;C:\Users\mraysmit\dev\idea-projects\p2p-java\p2p-peer\target\classes;C:\Users\mraysmit\AppData\Local\Programs\IntelliJ IDEA Ultimate\lib\idea_rt.jar
Launcher Type: SUN_STANDARD

[Global flags]
     intx CICompilerCount                          = 12                                        {product} {ergonomic}
     uint ConcGCThreads                            = 4                                         {product} {ergonomic}
     uint G1ConcRefinementThreads                  = 16                                        {product} {ergonomic}
   size_t G1HeapRegionSize                         = 16777216                                  {product} {ergonomic}
   size_t InitialHeapSize                          = 1610612736                                {product} {ergonomic}
   size_t MarkStackSize                            = 4194304                                   {product} {ergonomic}
   size_t MarkStackSizeMax                         = 536870912                                 {product} {ergonomic}
   size_t MaxHeapSize                              = 25602031616                               {product} {ergonomic}
   size_t MaxNewSize                               = 15351152640                               {product} {ergonomic}
   size_t MinHeapDeltaBytes                        = 16777216                                  {product} {ergonomic}
   size_t MinHeapSize                              = 16777216                                  {product} {ergonomic}
    uintx NonNMethodCodeHeapSize                   = 7602176                                {pd product} {ergonomic}
    uintx NonProfiledCodeHeapSize                  = 122093568                              {pd product} {ergonomic}
    uintx ProfiledCodeHeapSize                     = 121962496                              {pd product} {ergonomic}
    uintx ReservedCodeCacheSize                    = 251658240                              {pd product} {ergonomic}
     bool SegmentedCodeCache                       = true                                      {product} {ergonomic}
   size_t SoftMaxHeapSize                          = 25602031616                            {manageable} {ergonomic}
     bool UseCompressedOops                        = true                           {product lp64_product} {ergonomic}
     bool UseG1GC                                  = true                                      {product} {ergonomic}
     bool UseLargePagesIndividualAllocation        = false                                  {pd product} {ergonomic}

Logging:
Log output configuration:
 #0: stdout all=warning uptime,level,tags foldmultilines=false
 #1: stderr all=off uptime,level,tags foldmultilines=false

Environment Variables:
JAVA_HOME=C:\Users\mraysmit\.jdks\corretto-21.0.0_35
CLASSPATH=C:\Programs\db-derby-10.17.1.1-bin\lib\derby.jar;%DERBY_INSTALL%\lib\derbytools.jar;C:\Programs\db-derby-10.17.1.1-bin\lib\derbyoptionaltools.jar;C:\Programs\db-derby-10.17.1.1-bin\lib\derbyshared.jar;
PATH=C:\Program Files (x86)\VMware\VMware Workstation\bin\;C:\Windows\system32;C:\Windows;C:\Windows\System32\Wbem;C:\Windows\System32\WindowsPowerShell\v1.0\;C:\Windows\System32\OpenSSH\;C:\Program Files\Microsoft SQL Server\Client SDK\ODBC\170\Tools\Binn\;C:\Users\mraysmit\.jdks\corretto-21.0.0_35\bin;C:\Program Files\Azure Data Studio\bin;C:\Program Files\Microsoft SQL Server\150\Tools\Binn\;C:\Program Files\dotnet\;C:\Programs\mingw64\bin;C:\Program Files (x86)\Windows Kits\10\Windows Performance Toolkit\;C:\Program Files\PowerShell\7\;C:\Program Files\Git\cmd;C:\Program Files\Docker\Docker\resources\bin;C:\Program Files (x86)\AOMEI\AOMEI Backupper\7.4.2;C:\Users\mraysmit\scoop\apps\nodejs-lts\current\bin;C:\Users\mraysmit\scoop\apps\nodejs-lts\current;C:\Users\mraysmit\scoop\apps\maven\current\bin;C:\Users\mraysmit\AppData\Local\Programs\Python\Python312\Scripts\;C:\Users\mraysmit\AppData\Local\Programs\Python\Python312\;C:\Users\mraysmit\.cargo\bin;C:\Users\mraysmit\scoop\shims;C:\Users\mraysmit\AppData\Local\Microsoft\WindowsApps;C:\Users\mraysmit\AppData\Local\JetBrains\Toolbox\scripts;C:\Users\mraysmit\.dotnet\tools;C:\Users\mraysmit\AppData\Local\Programs\Microsoft VS Code\bin;C:\Users\mraysmit\AppData\Local\Programs\Azure Data Studio\bin;C:\Users\mraysmit\.dotnet\tools;C:\Users\mraysmit\.dotnet\tools;C:\Users\mraysmit\.dotnet\tools;C:\Users\mraysmit\AppData\Local\GitHubDesktop\bin
USERNAME=mraysmit
OS=Windows_NT
PROCESSOR_IDENTIFIER=Intel64 Family 6 Model 170 Stepping 4, GenuineIntel
TMP=C:\Users\mraysmit\AppData\Local\Temp
TEMP=C:\Users\mraysmit\AppData\Local\Temp




Periodic native trim disabled

---------------  S Y S T E M  ---------------

OS:
 Windows 10 , 64 bit Build 19041 (10.0.19041.5438)
OS uptime: 16 days 1:39 hours
Hyper-V role detected

CPU: total 22 (initial active 22) (11 cores per cpu, 2 threads per core) family 6 model 170 stepping 4 microcode 0x1c, cx8, cmov, fxsr, ht, mmx, 3dnowpref, sse, sse2, sse3, ssse3, sse4.1, sse4.2, popcnt, lzcnt, tsc, tscinvbit, avx, avx2, aes, erms, clmul, bmi1, bmi2, adx, sha, fma, vzeroupper, clflush, clflushopt, clwb, hv, rdtscp, rdpid, fsrm, gfni, f16c, cet_ibt, cet_ss
Processor Information for processor 0
  Max Mhz: 2300, Current Mhz: 2300, Mhz Limit: 2300
Processor Information for processor 1
  Max Mhz: 2300, Current Mhz: 2300, Mhz Limit: 2300
Processor Information for processor 2
  Max Mhz: 1800, Current Mhz: 1800, Mhz Limit: 1800
Processor Information for processor 3
  Max Mhz: 1800, Current Mhz: 1800, Mhz Limit: 1800
Processor Information for processor 4
  Max Mhz: 1800, Current Mhz: 1800, Mhz Limit: 1800
Processor Information for processor 5
  Max Mhz: 1800, Current Mhz: 1800, Mhz Limit: 1800
Processor Information for processor 6
  Max Mhz: 1800, Current Mhz: 1800, Mhz Limit: 1800
Processor Information for processor 7
  Max Mhz: 1800, Current Mhz: 1800, Mhz Limit: 1800
Processor Information for processor 8
  Max Mhz: 1800, Current Mhz: 1800, Mhz Limit: 1800
Processor Information for processor 9
  Max Mhz: 1800, Current Mhz: 1800, Mhz Limit: 1800
Processor Information for processor 10
  Max Mhz: 2300, Current Mhz: 2300, Mhz Limit: 2300
Processor Information for processor 11
  Max Mhz: 2300, Current Mhz: 2300, Mhz Limit: 2300
Processor Information for processor 12
  Max Mhz: 2300, Current Mhz: 2300, Mhz Limit: 2300
Processor Information for processor 13
  Max Mhz: 2300, Current Mhz: 2300, Mhz Limit: 2300
Processor Information for processor 14
  Max Mhz: 2300, Current Mhz: 2300, Mhz Limit: 2300
Processor Information for processor 15
  Max Mhz: 2300, Current Mhz: 2300, Mhz Limit: 2300
Processor Information for processor 16
  Max Mhz: 2300, Current Mhz: 2300, Mhz Limit: 2300
Processor Information for processor 17
  Max Mhz: 2300, Current Mhz: 2300, Mhz Limit: 2300
Processor Information for processor 18
  Max Mhz: 2300, Current Mhz: 2300, Mhz Limit: 2300
Processor Information for processor 19
  Max Mhz: 2300, Current Mhz: 2300, Mhz Limit: 2300
Processor Information for processor 20
  Max Mhz: 2500, Current Mhz: 1000, Mhz Limit: 1000
Processor Information for processor 21
  Max Mhz: 2500, Current Mhz: 1000, Mhz Limit: 1000

Memory: 4k page, system-wide physical 97604M (62158M free)
TotalPageFile size 111940M (AvailPageFile size 58837M)
current process WorkingSet (physical memory assigned to process): 64M, peak: 68M
current process commit charge ("private bytes"): 1707M, peak: 1711M

vm_info: OpenJDK 64-Bit Server VM (24+36-3646) for windows-amd64 JRE (24+36-3646), built on 2025-02-06T00:20:43Z with MS VC++ 17.6 (VS2022)

END.
